{"/Users/kingjoshua/Desktop/Cleland.Studios/projects/blueprint_config/src/lib/blueprintDataContract.ts": {"path":"/Users/kingjoshua/Desktop/Cleland.Studios/projects/blueprint_config/src/lib/blueprintDataContract.ts","statementMap":{"0":{"start":{"line":94,"column":54},"end":{"line":100,"column":null}},"1":{"start":{"line":102,"column":62},"end":{"line":118,"column":null}},"2":{"start":{"line":120,"column":59},"end":{"line":127,"column":null}},"3":{"start":{"line":129,"column":57},"end":{"line":136,"column":null}},"4":{"start":{"line":138,"column":66},"end":{"line":143,"column":null}},"5":{"start":{"line":145,"column":64},"end":{"line":156,"column":null}},"6":{"start":{"line":158,"column":55},"end":{"line":163,"column":null}},"7":{"start":{"line":165,"column":53},"end":{"line":170,"column":null}},"8":{"start":{"line":172,"column":61},"end":{"line":179,"column":null}},"9":{"start":{"line":201,"column":41},"end":{"line":201,"column":null}},"10":{"start":{"line":203,"column":2},"end":{"line":282,"column":null}},"11":{"start":{"line":262,"column":26},"end":{"line":262,"column":41}},"12":{"start":{"line":263,"column":24},"end":{"line":267,"column":null}},"13":{"start":{"line":274,"column":39},"end":{"line":281,"column":null}},"14":{"start":{"line":294,"column":2},"end":{"line":294,"column":null}},"15":{"start":{"line":294,"column":14},"end":{"line":294,"column":null}},"16":{"start":{"line":295,"column":2},"end":{"line":295,"column":null}},"17":{"start":{"line":305,"column":2},"end":{"line":305,"column":null}},"18":{"start":{"line":305,"column":38},"end":{"line":305,"column":null}},"19":{"start":{"line":306,"column":2},"end":{"line":306,"column":null}},"20":{"start":{"line":306,"column":25},"end":{"line":306,"column":41}},"21":{"start":{"line":316,"column":2},"end":{"line":316,"column":null}},"22":{"start":{"line":316,"column":45},"end":{"line":316,"column":null}},"23":{"start":{"line":317,"column":2},"end":{"line":317,"column":null}},"24":{"start":{"line":324,"column":2},"end":{"line":324,"column":null}},"25":{"start":{"line":324,"column":16},"end":{"line":324,"column":null}},"26":{"start":{"line":325,"column":2},"end":{"line":335,"column":null}},"27":{"start":{"line":326,"column":17},"end":{"line":326,"column":null}},"28":{"start":{"line":327,"column":4},"end":{"line":327,"column":null}},"29":{"start":{"line":327,"column":31},"end":{"line":327,"column":null}},"30":{"start":{"line":328,"column":4},"end":{"line":332,"column":null}},"31":{"start":{"line":334,"column":4},"end":{"line":334,"column":null}}},"fnMap":{"0":{"name":"buildBlueprintContract","decl":{"start":{"line":197,"column":16},"end":{"line":197,"column":null}},"loc":{"start":{"line":199,"column":39},"end":{"line":283,"column":null}},"line":199},"1":{"name":"(anonymous_1)","decl":{"start":{"line":262,"column":16},"end":{"line":262,"column":26}},"loc":{"start":{"line":262,"column":26},"end":{"line":262,"column":41}},"line":262},"2":{"name":"(anonymous_2)","decl":{"start":{"line":263,"column":13},"end":{"line":263,"column":24}},"loc":{"start":{"line":263,"column":24},"end":{"line":267,"column":null}},"line":263},"3":{"name":"(anonymous_3)","decl":{"start":{"line":274,"column":31},"end":{"line":274,"column":39}},"loc":{"start":{"line":274,"column":39},"end":{"line":281,"column":null}},"line":274},"4":{"name":"getDisplayLabel","decl":{"start":{"line":290,"column":16},"end":{"line":290,"column":null}},"loc":{"start":{"line":292,"column":32},"end":{"line":296,"column":null}},"line":292},"5":{"name":"getDisplayLabels","decl":{"start":{"line":301,"column":16},"end":{"line":301,"column":null}},"loc":{"start":{"line":303,"column":32},"end":{"line":307,"column":null}},"line":303},"6":{"name":"(anonymous_6)","decl":{"start":{"line":306,"column":20},"end":{"line":306,"column":25}},"loc":{"start":{"line":306,"column":25},"end":{"line":306,"column":41}},"line":306},"7":{"name":"getDisplayNumber","decl":{"start":{"line":312,"column":16},"end":{"line":312,"column":null}},"loc":{"start":{"line":314,"column":13},"end":{"line":318,"column":null}},"line":314},"8":{"name":"formatContractDate","decl":{"start":{"line":323,"column":16},"end":{"line":323,"column":35}},"loc":{"start":{"line":323,"column":57},"end":{"line":336,"column":null}},"line":323}},"branchMap":{"0":{"loc":{"start":{"line":199,"column":2},"end":{"line":199,"column":39}},"type":"default-arg","locations":[{"start":{"line":199,"column":37},"end":{"line":199,"column":39}}],"line":199},"1":{"loc":{"start":{"line":208,"column":20},"end":{"line":208,"column":null}},"type":"binary-expr","locations":[{"start":{"line":208,"column":20},"end":{"line":208,"column":60}},{"start":{"line":208,"column":60},"end":{"line":208,"column":null}}],"line":208},"2":{"loc":{"start":{"line":209,"column":19},"end":{"line":209,"column":null}},"type":"binary-expr","locations":[{"start":{"line":209,"column":19},"end":{"line":209,"column":90}},{"start":{"line":209,"column":90},"end":{"line":209,"column":null}}],"line":209},"3":{"loc":{"start":{"line":210,"column":20},"end":{"line":210,"column":null}},"type":"binary-expr","locations":[{"start":{"line":210,"column":20},"end":{"line":210,"column":39}},{"start":{"line":210,"column":43},"end":{"line":210,"column":null}}],"line":210},"4":{"loc":{"start":{"line":211,"column":21},"end":{"line":211,"column":null}},"type":"binary-expr","locations":[{"start":{"line":211,"column":21},"end":{"line":211,"column":43}},{"start":{"line":211,"column":47},"end":{"line":211,"column":null}}],"line":211},"5":{"loc":{"start":{"line":212,"column":18},"end":{"line":212,"column":null}},"type":"binary-expr","locations":[{"start":{"line":212,"column":18},"end":{"line":212,"column":37}},{"start":{"line":212,"column":41},"end":{"line":212,"column":null}}],"line":212},"6":{"loc":{"start":{"line":213,"column":20},"end":{"line":213,"column":null}},"type":"binary-expr","locations":[{"start":{"line":213,"column":20},"end":{"line":213,"column":41}},{"start":{"line":213,"column":45},"end":{"line":213,"column":null}}],"line":213},"7":{"loc":{"start":{"line":218,"column":20},"end":{"line":218,"column":null}},"type":"binary-expr","locations":[{"start":{"line":218,"column":20},"end":{"line":218,"column":39}},{"start":{"line":218,"column":43},"end":{"line":218,"column":null}}],"line":218},"8":{"loc":{"start":{"line":219,"column":25},"end":{"line":219,"column":null}},"type":"binary-expr","locations":[{"start":{"line":219,"column":25},"end":{"line":219,"column":49}},{"start":{"line":219,"column":53},"end":{"line":219,"column":null}}],"line":219},"9":{"loc":{"start":{"line":220,"column":28},"end":{"line":220,"column":61}},"type":"binary-expr","locations":[{"start":{"line":220,"column":28},"end":{"line":220,"column":55}},{"start":{"line":220,"column":59},"end":{"line":220,"column":61}}],"line":220},"10":{"loc":{"start":{"line":221,"column":26},"end":{"line":221,"column":57}},"type":"binary-expr","locations":[{"start":{"line":221,"column":26},"end":{"line":221,"column":51}},{"start":{"line":221,"column":55},"end":{"line":221,"column":57}}],"line":221},"11":{"loc":{"start":{"line":222,"column":29},"end":{"line":222,"column":null}},"type":"binary-expr","locations":[{"start":{"line":222,"column":29},"end":{"line":222,"column":57}},{"start":{"line":222,"column":61},"end":{"line":222,"column":null}}],"line":222},"12":{"loc":{"start":{"line":225,"column":14},"end":{"line":225,"column":null}},"type":"binary-expr","locations":[{"start":{"line":225,"column":14},"end":{"line":225,"column":44}},{"start":{"line":225,"column":44},"end":{"line":225,"column":null}}],"line":225},"13":{"loc":{"start":{"line":226,"column":18},"end":{"line":226,"column":null}},"type":"binary-expr","locations":[{"start":{"line":226,"column":18},"end":{"line":226,"column":52}},{"start":{"line":226,"column":52},"end":{"line":226,"column":null}}],"line":226},"14":{"loc":{"start":{"line":227,"column":21},"end":{"line":227,"column":null}},"type":"binary-expr","locations":[{"start":{"line":227,"column":21},"end":{"line":227,"column":58}},{"start":{"line":227,"column":58},"end":{"line":227,"column":null}}],"line":227},"15":{"loc":{"start":{"line":228,"column":24},"end":{"line":228,"column":null}},"type":"binary-expr","locations":[{"start":{"line":228,"column":24},"end":{"line":228,"column":72}},{"start":{"line":228,"column":72},"end":{"line":228,"column":null}}],"line":228},"16":{"loc":{"start":{"line":229,"column":28},"end":{"line":229,"column":null}},"type":"binary-expr","locations":[{"start":{"line":229,"column":28},"end":{"line":229,"column":80}},{"start":{"line":229,"column":80},"end":{"line":229,"column":null}}],"line":229},"17":{"loc":{"start":{"line":232,"column":27},"end":{"line":232,"column":null}},"type":"binary-expr","locations":[{"start":{"line":232,"column":27},"end":{"line":232,"column":53}},{"start":{"line":232,"column":57},"end":{"line":232,"column":null}}],"line":232},"18":{"loc":{"start":{"line":233,"column":27},"end":{"line":233,"column":null}},"type":"binary-expr","locations":[{"start":{"line":233,"column":27},"end":{"line":233,"column":52}},{"start":{"line":233,"column":56},"end":{"line":233,"column":null}}],"line":233},"19":{"loc":{"start":{"line":234,"column":28},"end":{"line":234,"column":null}},"type":"binary-expr","locations":[{"start":{"line":234,"column":28},"end":{"line":234,"column":54}},{"start":{"line":234,"column":58},"end":{"line":234,"column":null}}],"line":234},"20":{"loc":{"start":{"line":240,"column":15},"end":{"line":240,"column":null}},"type":"binary-expr","locations":[{"start":{"line":240,"column":15},"end":{"line":240,"column":33}},{"start":{"line":240,"column":37},"end":{"line":240,"column":null}}],"line":240},"21":{"loc":{"start":{"line":241,"column":23},"end":{"line":241,"column":null}},"type":"binary-expr","locations":[{"start":{"line":241,"column":23},"end":{"line":241,"column":42}},{"start":{"line":241,"column":46},"end":{"line":241,"column":null}}],"line":241},"22":{"loc":{"start":{"line":244,"column":26},"end":{"line":244,"column":null}},"type":"binary-expr","locations":[{"start":{"line":244,"column":26},"end":{"line":244,"column":53}},{"start":{"line":244,"column":57},"end":{"line":244,"column":79}},{"start":{"line":244,"column":83},"end":{"line":244,"column":null}}],"line":244},"23":{"loc":{"start":{"line":245,"column":21},"end":{"line":245,"column":null}},"type":"binary-expr","locations":[{"start":{"line":245,"column":21},"end":{"line":245,"column":38}},{"start":{"line":245,"column":42},"end":{"line":245,"column":null}}],"line":245},"24":{"loc":{"start":{"line":246,"column":29},"end":{"line":246,"column":null}},"type":"binary-expr","locations":[{"start":{"line":246,"column":29},"end":{"line":246,"column":54}},{"start":{"line":246,"column":58},"end":{"line":246,"column":null}}],"line":246},"25":{"loc":{"start":{"line":250,"column":29},"end":{"line":250,"column":null}},"type":"binary-expr","locations":[{"start":{"line":250,"column":29},"end":{"line":250,"column":54}},{"start":{"line":250,"column":58},"end":{"line":250,"column":null}}],"line":250},"26":{"loc":{"start":{"line":251,"column":18},"end":{"line":251,"column":null}},"type":"binary-expr","locations":[{"start":{"line":251,"column":18},"end":{"line":251,"column":32}},{"start":{"line":251,"column":36},"end":{"line":251,"column":null}}],"line":251},"27":{"loc":{"start":{"line":252,"column":24},"end":{"line":252,"column":null}},"type":"binary-expr","locations":[{"start":{"line":252,"column":24},"end":{"line":252,"column":44}},{"start":{"line":252,"column":48},"end":{"line":252,"column":null}}],"line":252},"28":{"loc":{"start":{"line":253,"column":26},"end":{"line":253,"column":null}},"type":"binary-expr","locations":[{"start":{"line":253,"column":26},"end":{"line":253,"column":48}},{"start":{"line":253,"column":52},"end":{"line":253,"column":null}}],"line":253},"29":{"loc":{"start":{"line":254,"column":27},"end":{"line":254,"column":null}},"type":"binary-expr","locations":[{"start":{"line":254,"column":27},"end":{"line":254,"column":50}},{"start":{"line":254,"column":54},"end":{"line":254,"column":null}}],"line":254},"30":{"loc":{"start":{"line":259,"column":13},"end":{"line":259,"column":32}},"type":"binary-expr","locations":[{"start":{"line":259,"column":13},"end":{"line":259,"column":26}},{"start":{"line":259,"column":30},"end":{"line":259,"column":32}}],"line":259},"31":{"loc":{"start":{"line":260,"column":16},"end":{"line":260,"column":38}},"type":"binary-expr","locations":[{"start":{"line":260,"column":16},"end":{"line":260,"column":32}},{"start":{"line":260,"column":36},"end":{"line":260,"column":38}}],"line":260},"32":{"loc":{"start":{"line":261,"column":24},"end":{"line":261,"column":51}},"type":"binary-expr","locations":[{"start":{"line":261,"column":24},"end":{"line":261,"column":46}},{"start":{"line":261,"column":50},"end":{"line":261,"column":51}}],"line":261},"33":{"loc":{"start":{"line":268,"column":16},"end":{"line":268,"column":null}},"type":"binary-expr","locations":[{"start":{"line":268,"column":16},"end":{"line":268,"column":32}},{"start":{"line":268,"column":36},"end":{"line":268,"column":null}}],"line":268},"34":{"loc":{"start":{"line":269,"column":14},"end":{"line":269,"column":null}},"type":"binary-expr","locations":[{"start":{"line":269,"column":14},"end":{"line":269,"column":28}},{"start":{"line":269,"column":32},"end":{"line":269,"column":null}}],"line":269},"35":{"loc":{"start":{"line":270,"column":22},"end":{"line":270,"column":null}},"type":"binary-expr","locations":[{"start":{"line":270,"column":22},"end":{"line":270,"column":43}},{"start":{"line":270,"column":47},"end":{"line":270,"column":null}}],"line":270},"36":{"loc":{"start":{"line":278,"column":12},"end":{"line":278,"column":null}},"type":"binary-expr","locations":[{"start":{"line":278,"column":12},"end":{"line":278,"column":20}},{"start":{"line":278,"column":24},"end":{"line":278,"column":null}}],"line":278},"37":{"loc":{"start":{"line":279,"column":13},"end":{"line":279,"column":null}},"type":"binary-expr","locations":[{"start":{"line":279,"column":13},"end":{"line":279,"column":22}},{"start":{"line":279,"column":26},"end":{"line":279,"column":null}}],"line":279},"38":{"loc":{"start":{"line":280,"column":16},"end":{"line":280,"column":null}},"type":"binary-expr","locations":[{"start":{"line":280,"column":16},"end":{"line":280,"column":28}},{"start":{"line":280,"column":32},"end":{"line":280,"column":null}}],"line":280},"39":{"loc":{"start":{"line":294,"column":2},"end":{"line":294,"column":null}},"type":"if","locations":[{"start":{"line":294,"column":2},"end":{"line":294,"column":null}},{"start":{},"end":{}}],"line":294},"40":{"loc":{"start":{"line":295,"column":9},"end":{"line":295,"column":null}},"type":"binary-expr","locations":[{"start":{"line":295,"column":9},"end":{"line":295,"column":22}},{"start":{"line":295,"column":26},"end":{"line":295,"column":null}}],"line":295},"41":{"loc":{"start":{"line":305,"column":2},"end":{"line":305,"column":null}},"type":"if","locations":[{"start":{"line":305,"column":2},"end":{"line":305,"column":null}},{"start":{},"end":{}}],"line":305},"42":{"loc":{"start":{"line":305,"column":6},"end":{"line":305,"column":38}},"type":"binary-expr","locations":[{"start":{"line":305,"column":6},"end":{"line":305,"column":17}},{"start":{"line":305,"column":17},"end":{"line":305,"column":38}}],"line":305},"43":{"loc":{"start":{"line":306,"column":25},"end":{"line":306,"column":41}},"type":"binary-expr","locations":[{"start":{"line":306,"column":25},"end":{"line":306,"column":34}},{"start":{"line":306,"column":38},"end":{"line":306,"column":41}}],"line":306},"44":{"loc":{"start":{"line":314,"column":2},"end":{"line":314,"column":13}},"type":"default-arg","locations":[{"start":{"line":314,"column":11},"end":{"line":314,"column":13}}],"line":314},"45":{"loc":{"start":{"line":316,"column":2},"end":{"line":316,"column":null}},"type":"if","locations":[{"start":{"line":316,"column":2},"end":{"line":316,"column":null}},{"start":{},"end":{}}],"line":316},"46":{"loc":{"start":{"line":316,"column":6},"end":{"line":316,"column":45}},"type":"binary-expr","locations":[{"start":{"line":316,"column":6},"end":{"line":316,"column":24}},{"start":{"line":316,"column":24},"end":{"line":316,"column":45}}],"line":316},"47":{"loc":{"start":{"line":324,"column":2},"end":{"line":324,"column":null}},"type":"if","locations":[{"start":{"line":324,"column":2},"end":{"line":324,"column":null}},{"start":{},"end":{}}],"line":324},"48":{"loc":{"start":{"line":327,"column":4},"end":{"line":327,"column":null}},"type":"if","locations":[{"start":{"line":327,"column":4},"end":{"line":327,"column":null}},{"start":{},"end":{}}],"line":327}},"s":{"0":1,"1":1,"2":1,"3":1,"4":1,"5":1,"6":1,"7":1,"8":1,"9":0,"10":0,"11":0,"12":0,"13":0,"14":6,"15":3,"16":3,"17":5,"18":3,"19":2,"20":4,"21":5,"22":2,"23":3,"24":3,"25":1,"26":2,"27":2,"28":2,"29":2,"30":1,"31":0},"f":{"0":0,"1":0,"2":0,"3":0,"4":6,"5":5,"6":4,"7":5,"8":3},"b":{"0":[0],"1":[0,0],"2":[0,0],"3":[0,0],"4":[0,0],"5":[0,0],"6":[0,0],"7":[0,0],"8":[0,0],"9":[0,0],"10":[0,0],"11":[0,0],"12":[0,0],"13":[0,0],"14":[0,0],"15":[0,0],"16":[0,0],"17":[0,0],"18":[0,0],"19":[0,0],"20":[0,0],"21":[0,0],"22":[0,0,0],"23":[0,0],"24":[0,0],"25":[0,0],"26":[0,0],"27":[0,0],"28":[0,0],"29":[0,0],"30":[0,0],"31":[0,0],"32":[0,0],"33":[0,0],"34":[0,0],"35":[0,0],"36":[0,0],"37":[0,0],"38":[0,0],"39":[3,3],"40":[3,1],"41":[3,2],"42":[5,3],"43":[4,1],"44":[5],"45":[2,3],"46":[5,4],"47":[1,2],"48":[1,1]},"meta":{"lastBranch":49,"lastFunction":9,"lastStatement":32,"seen":{"s:94:54:100:Infinity":0,"s:102:62:118:Infinity":1,"s:120:59:127:Infinity":2,"s:129:57:136:Infinity":3,"s:138:66:143:Infinity":4,"s:145:64:156:Infinity":5,"s:158:55:163:Infinity":6,"s:165:53:170:Infinity":7,"s:172:61:179:Infinity":8,"f:197:16:197:Infinity":0,"b:199:37:199:39":0,"s:201:41:201:Infinity":9,"s:203:2:282:Infinity":10,"b:208:20:208:60:208:60:208:Infinity":1,"b:209:19:209:90:209:90:209:Infinity":2,"b:210:20:210:39:210:43:210:Infinity":3,"b:211:21:211:43:211:47:211:Infinity":4,"b:212:18:212:37:212:41:212:Infinity":5,"b:213:20:213:41:213:45:213:Infinity":6,"b:218:20:218:39:218:43:218:Infinity":7,"b:219:25:219:49:219:53:219:Infinity":8,"b:220:28:220:55:220:59:220:61":9,"b:221:26:221:51:221:55:221:57":10,"b:222:29:222:57:222:61:222:Infinity":11,"b:225:14:225:44:225:44:225:Infinity":12,"b:226:18:226:52:226:52:226:Infinity":13,"b:227:21:227:58:227:58:227:Infinity":14,"b:228:24:228:72:228:72:228:Infinity":15,"b:229:28:229:80:229:80:229:Infinity":16,"b:232:27:232:53:232:57:232:Infinity":17,"b:233:27:233:52:233:56:233:Infinity":18,"b:234:28:234:54:234:58:234:Infinity":19,"b:240:15:240:33:240:37:240:Infinity":20,"b:241:23:241:42:241:46:241:Infinity":21,"b:244:26:244:53:244:57:244:79:244:83:244:Infinity":22,"b:245:21:245:38:245:42:245:Infinity":23,"b:246:29:246:54:246:58:246:Infinity":24,"b:250:29:250:54:250:58:250:Infinity":25,"b:251:18:251:32:251:36:251:Infinity":26,"b:252:24:252:44:252:48:252:Infinity":27,"b:253:26:253:48:253:52:253:Infinity":28,"b:254:27:254:50:254:54:254:Infinity":29,"b:259:13:259:26:259:30:259:32":30,"b:260:16:260:32:260:36:260:38":31,"b:261:24:261:46:261:50:261:51":32,"f:262:16:262:26":1,"s:262:26:262:41":11,"f:263:13:263:24":2,"s:263:24:267:Infinity":12,"b:268:16:268:32:268:36:268:Infinity":33,"b:269:14:269:28:269:32:269:Infinity":34,"b:270:22:270:43:270:47:270:Infinity":35,"f:274:31:274:39":3,"s:274:39:281:Infinity":13,"b:278:12:278:20:278:24:278:Infinity":36,"b:279:13:279:22:279:26:279:Infinity":37,"b:280:16:280:28:280:32:280:Infinity":38,"f:290:16:290:Infinity":4,"b:294:2:294:Infinity:undefined:undefined:undefined:undefined":39,"s:294:2:294:Infinity":14,"s:294:14:294:Infinity":15,"s:295:2:295:Infinity":16,"b:295:9:295:22:295:26:295:Infinity":40,"f:301:16:301:Infinity":5,"b:305:2:305:Infinity:undefined:undefined:undefined:undefined":41,"s:305:2:305:Infinity":17,"b:305:6:305:17:305:17:305:38":42,"s:305:38:305:Infinity":18,"s:306:2:306:Infinity":19,"f:306:20:306:25":6,"s:306:25:306:41":20,"b:306:25:306:34:306:38:306:41":43,"f:312:16:312:Infinity":7,"b:314:11:314:13":44,"b:316:2:316:Infinity:undefined:undefined:undefined:undefined":45,"s:316:2:316:Infinity":21,"b:316:6:316:24:316:24:316:45":46,"s:316:45:316:Infinity":22,"s:317:2:317:Infinity":23,"f:323:16:323:35":8,"b:324:2:324:Infinity:undefined:undefined:undefined:undefined":47,"s:324:2:324:Infinity":24,"s:324:16:324:Infinity":25,"s:325:2:335:Infinity":26,"s:326:17:326:Infinity":27,"b:327:4:327:Infinity:undefined:undefined:undefined:undefined":48,"s:327:4:327:Infinity":28,"s:327:31:327:Infinity":29,"s:328:4:332:Infinity":30,"s:334:4:334:Infinity":31}}}
,"/Users/kingjoshua/Desktop/Cleland.Studios/projects/blueprint_config/src/lib/colorUtils.ts": {"path":"/Users/kingjoshua/Desktop/Cleland.Studios/projects/blueprint_config/src/lib/colorUtils.ts","statementMap":{"0":{"start":{"line":1,"column":28},"end":{"line":1,"column":null}},"1":{"start":{"line":4,"column":4},"end":{"line":4,"column":null}},"2":{"start":{"line":4,"column":20},"end":{"line":4,"column":null}},"3":{"start":{"line":5,"column":4},"end":{"line":5,"column":null}},"4":{"start":{"line":5,"column":20},"end":{"line":5,"column":null}},"5":{"start":{"line":6,"column":4},"end":{"line":6,"column":null}},"6":{"start":{"line":6,"column":20},"end":{"line":6,"column":null}},"7":{"start":{"line":7,"column":4},"end":{"line":7,"column":null}},"8":{"start":{"line":7,"column":20},"end":{"line":7,"column":null}},"9":{"start":{"line":8,"column":4},"end":{"line":8,"column":null}},"10":{"start":{"line":12,"column":40},"end":{"line":12,"column":null}},"11":{"start":{"line":13,"column":4},"end":{"line":13,"column":null}},"12":{"start":{"line":16,"column":30},"end":{"line":16,"column":null}},"13":{"start":{"line":19,"column":4},"end":{"line":19,"column":null}},"14":{"start":{"line":19,"column":20},"end":{"line":19,"column":null}},"15":{"start":{"line":20,"column":4},"end":{"line":20,"column":null}},"16":{"start":{"line":20,"column":20},"end":{"line":20,"column":null}},"17":{"start":{"line":21,"column":4},"end":{"line":21,"column":null}},"18":{"start":{"line":21,"column":20},"end":{"line":21,"column":null}},"19":{"start":{"line":22,"column":4},"end":{"line":22,"column":null}},"20":{"start":{"line":22,"column":20},"end":{"line":22,"column":null}},"21":{"start":{"line":23,"column":4},"end":{"line":23,"column":null}},"22":{"start":{"line":27,"column":40},"end":{"line":27,"column":null}},"23":{"start":{"line":28,"column":4},"end":{"line":28,"column":null}},"24":{"start":{"line":31,"column":35},"end":{"line":62,"column":null}},"25":{"start":{"line":64,"column":57},"end":{"line":71,"column":null}},"26":{"start":{"line":74,"column":4},"end":{"line":74,"column":null}},"27":{"start":{"line":75,"column":14},"end":{"line":75,"column":null}},"28":{"start":{"line":76,"column":14},"end":{"line":80,"column":null}},"29":{"start":{"line":77,"column":18},"end":{"line":77,"column":null}},"30":{"start":{"line":78,"column":22},"end":{"line":78,"column":null}},"31":{"start":{"line":79,"column":8},"end":{"line":79,"column":null}},"32":{"start":{"line":81,"column":4},"end":{"line":81,"column":null}},"33":{"start":{"line":85,"column":21},"end":{"line":85,"column":null}},"34":{"start":{"line":86,"column":4},"end":{"line":86,"column":null}},"35":{"start":{"line":86,"column":82},"end":{"line":86,"column":null}},"36":{"start":{"line":88,"column":20},"end":{"line":88,"column":null}},"37":{"start":{"line":88,"column":72},"end":{"line":88,"column":79}},"38":{"start":{"line":89,"column":14},"end":{"line":89,"column":null}},"39":{"start":{"line":90,"column":14},"end":{"line":90,"column":null}},"40":{"start":{"line":91,"column":14},"end":{"line":91,"column":null}},"41":{"start":{"line":93,"column":16},"end":{"line":93,"column":null}},"42":{"start":{"line":94,"column":16},"end":{"line":94,"column":null}},"43":{"start":{"line":95,"column":18},"end":{"line":95,"column":null}},"44":{"start":{"line":97,"column":12},"end":{"line":97,"column":null}},"45":{"start":{"line":98,"column":4},"end":{"line":103,"column":null}},"46":{"start":{"line":99,"column":8},"end":{"line":101,"column":null}},"47":{"start":{"line":99,"column":23},"end":{"line":99,"column":null}},"48":{"start":{"line":100,"column":13},"end":{"line":101,"column":null}},"49":{"start":{"line":100,"column":28},"end":{"line":100,"column":null}},"50":{"start":{"line":101,"column":13},"end":{"line":101,"column":null}},"51":{"start":{"line":102,"column":8},"end":{"line":102,"column":null}},"52":{"start":{"line":104,"column":4},"end":{"line":104,"column":null}},"53":{"start":{"line":108,"column":21},"end":{"line":108,"column":null}},"54":{"start":{"line":109,"column":4},"end":{"line":109,"column":null}},"55":{"start":{"line":109,"column":82},"end":{"line":109,"column":null}},"56":{"start":{"line":111,"column":20},"end":{"line":111,"column":null}},"57":{"start":{"line":111,"column":72},"end":{"line":111,"column":79}},"58":{"start":{"line":112,"column":14},"end":{"line":112,"column":null}},"59":{"start":{"line":113,"column":14},"end":{"line":113,"column":null}},"60":{"start":{"line":114,"column":14},"end":{"line":114,"column":null}},"61":{"start":{"line":116,"column":16},"end":{"line":116,"column":null}},"62":{"start":{"line":117,"column":16},"end":{"line":117,"column":null}},"63":{"start":{"line":118,"column":18},"end":{"line":118,"column":null}},"64":{"start":{"line":120,"column":12},"end":{"line":120,"column":15}},"65":{"start":{"line":120,"column":19},"end":{"line":120,"column":null}},"66":{"start":{"line":121,"column":14},"end":{"line":121,"column":null}},"67":{"start":{"line":123,"column":4},"end":{"line":129,"column":null}},"68":{"start":{"line":124,"column":8},"end":{"line":124,"column":null}},"69":{"start":{"line":125,"column":8},"end":{"line":127,"column":null}},"70":{"start":{"line":125,"column":23},"end":{"line":125,"column":null}},"71":{"start":{"line":126,"column":13},"end":{"line":127,"column":null}},"72":{"start":{"line":126,"column":28},"end":{"line":126,"column":null}},"73":{"start":{"line":127,"column":13},"end":{"line":127,"column":null}},"74":{"start":{"line":128,"column":8},"end":{"line":128,"column":null}},"75":{"start":{"line":130,"column":4},"end":{"line":130,"column":null}},"76":{"start":{"line":139,"column":23},"end":{"line":139,"column":42}},"77":{"start":{"line":142,"column":28},"end":{"line":142,"column":51}},"78":{"start":{"line":143,"column":27},"end":{"line":143,"column":48}},"79":{"start":{"line":145,"column":32},"end":{"line":145,"column":67}},"80":{"start":{"line":146,"column":28},"end":{"line":146,"column":63}},"81":{"start":{"line":149,"column":27},"end":{"line":149,"column":50}},"82":{"start":{"line":150,"column":23},"end":{"line":150,"column":46}},"83":{"start":{"line":152,"column":24},"end":{"line":152,"column":47}},"84":{"start":{"line":154,"column":14},"end":{"line":154,"column":null}},"85":{"start":{"line":155,"column":22},"end":{"line":155,"column":null}},"86":{"start":{"line":157,"column":51},"end":{"line":157,"column":53}},"87":{"start":{"line":159,"column":4},"end":{"line":219,"column":null}},"88":{"start":{"line":161,"column":12},"end":{"line":169,"column":null}},"89":{"start":{"line":170,"column":12},"end":{"line":170,"column":null}},"90":{"start":{"line":173,"column":12},"end":{"line":181,"column":null}},"91":{"start":{"line":182,"column":12},"end":{"line":182,"column":null}},"92":{"start":{"line":185,"column":12},"end":{"line":193,"column":null}},"93":{"start":{"line":194,"column":12},"end":{"line":194,"column":null}},"94":{"start":{"line":197,"column":12},"end":{"line":205,"column":null}},"95":{"start":{"line":206,"column":12},"end":{"line":206,"column":null}},"96":{"start":{"line":209,"column":12},"end":{"line":217,"column":null}},"97":{"start":{"line":218,"column":12},"end":{"line":218,"column":null}},"98":{"start":{"line":220,"column":4},"end":{"line":220,"column":null}}},"fnMap":{"0":{"name":"energyToZone","decl":{"start":{"line":3,"column":16},"end":{"line":3,"column":29}},"loc":{"start":{"line":3,"column":42},"end":{"line":9,"column":null}},"line":3},"1":{"name":"zoneToEnergy","decl":{"start":{"line":11,"column":16},"end":{"line":11,"column":29}},"loc":{"start":{"line":11,"column":41},"end":{"line":14,"column":null}},"line":11},"2":{"name":"contrastToZone","decl":{"start":{"line":18,"column":16},"end":{"line":18,"column":31}},"loc":{"start":{"line":18,"column":44},"end":{"line":24,"column":null}},"line":18},"3":{"name":"zoneToContrast","decl":{"start":{"line":26,"column":16},"end":{"line":26,"column":31}},"loc":{"start":{"line":26,"column":43},"end":{"line":29,"column":null}},"line":26},"4":{"name":"hslToHex","decl":{"start":{"line":73,"column":16},"end":{"line":73,"column":25}},"loc":{"start":{"line":73,"column":56},"end":{"line":82,"column":null}},"line":73},"5":{"name":"(anonymous_5)","decl":{"start":{"line":76,"column":14},"end":{"line":76,"column":15}},"loc":{"start":{"line":76,"column":15},"end":{"line":80,"column":null}},"line":76},"6":{"name":"hexToHue","decl":{"start":{"line":84,"column":16},"end":{"line":84,"column":25}},"loc":{"start":{"line":84,"column":36},"end":{"line":105,"column":null}},"line":84},"7":{"name":"(anonymous_7)","decl":{"start":{"line":88,"column":67},"end":{"line":88,"column":72}},"loc":{"start":{"line":88,"column":72},"end":{"line":88,"column":79}},"line":88},"8":{"name":"hexToHslData","decl":{"start":{"line":107,"column":16},"end":{"line":107,"column":29}},"loc":{"start":{"line":107,"column":40},"end":{"line":131,"column":null}},"line":107},"9":{"name":"(anonymous_9)","decl":{"start":{"line":111,"column":67},"end":{"line":111,"column":72}},"loc":{"start":{"line":111,"column":72},"end":{"line":111,"column":79}},"line":111},"10":{"name":"generatePalette","decl":{"start":{"line":133,"column":16},"end":{"line":133,"column":null}},"loc":{"start":{"line":137,"column":20},"end":{"line":221,"column":null}},"line":137}},"branchMap":{"0":{"loc":{"start":{"line":4,"column":4},"end":{"line":4,"column":null}},"type":"if","locations":[{"start":{"line":4,"column":4},"end":{"line":4,"column":null}},{"start":{},"end":{}}],"line":4},"1":{"loc":{"start":{"line":5,"column":4},"end":{"line":5,"column":null}},"type":"if","locations":[{"start":{"line":5,"column":4},"end":{"line":5,"column":null}},{"start":{},"end":{}}],"line":5},"2":{"loc":{"start":{"line":6,"column":4},"end":{"line":6,"column":null}},"type":"if","locations":[{"start":{"line":6,"column":4},"end":{"line":6,"column":null}},{"start":{},"end":{}}],"line":6},"3":{"loc":{"start":{"line":7,"column":4},"end":{"line":7,"column":null}},"type":"if","locations":[{"start":{"line":7,"column":4},"end":{"line":7,"column":null}},{"start":{},"end":{}}],"line":7},"4":{"loc":{"start":{"line":13,"column":11},"end":{"line":13,"column":null}},"type":"binary-expr","locations":[{"start":{"line":13,"column":11},"end":{"line":13,"column":20}},{"start":{"line":13,"column":24},"end":{"line":13,"column":null}}],"line":13},"5":{"loc":{"start":{"line":19,"column":4},"end":{"line":19,"column":null}},"type":"if","locations":[{"start":{"line":19,"column":4},"end":{"line":19,"column":null}},{"start":{},"end":{}}],"line":19},"6":{"loc":{"start":{"line":20,"column":4},"end":{"line":20,"column":null}},"type":"if","locations":[{"start":{"line":20,"column":4},"end":{"line":20,"column":null}},{"start":{},"end":{}}],"line":20},"7":{"loc":{"start":{"line":21,"column":4},"end":{"line":21,"column":null}},"type":"if","locations":[{"start":{"line":21,"column":4},"end":{"line":21,"column":null}},{"start":{},"end":{}}],"line":21},"8":{"loc":{"start":{"line":22,"column":4},"end":{"line":22,"column":null}},"type":"if","locations":[{"start":{"line":22,"column":4},"end":{"line":22,"column":null}},{"start":{},"end":{}}],"line":22},"9":{"loc":{"start":{"line":28,"column":11},"end":{"line":28,"column":null}},"type":"binary-expr","locations":[{"start":{"line":28,"column":11},"end":{"line":28,"column":20}},{"start":{"line":28,"column":24},"end":{"line":28,"column":null}}],"line":28},"10":{"loc":{"start":{"line":86,"column":4},"end":{"line":86,"column":null}},"type":"if","locations":[{"start":{"line":86,"column":4},"end":{"line":86,"column":null}},{"start":{},"end":{}}],"line":86},"11":{"loc":{"start":{"line":86,"column":8},"end":{"line":86,"column":82}},"type":"binary-expr","locations":[{"start":{"line":86,"column":8},"end":{"line":86,"column":46}},{"start":{"line":86,"column":46},"end":{"line":86,"column":82}}],"line":86},"12":{"loc":{"start":{"line":88,"column":20},"end":{"line":88,"column":null}},"type":"cond-expr","locations":[{"start":{"line":88,"column":44},"end":{"line":88,"column":90}},{"start":{"line":88,"column":90},"end":{"line":88,"column":null}}],"line":88},"13":{"loc":{"start":{"line":98,"column":4},"end":{"line":103,"column":null}},"type":"if","locations":[{"start":{"line":98,"column":4},"end":{"line":103,"column":null}},{"start":{},"end":{}}],"line":98},"14":{"loc":{"start":{"line":99,"column":8},"end":{"line":101,"column":null}},"type":"if","locations":[{"start":{"line":99,"column":8},"end":{"line":101,"column":null}},{"start":{"line":100,"column":13},"end":{"line":101,"column":null}}],"line":99},"15":{"loc":{"start":{"line":99,"column":48},"end":{"line":99,"column":null}},"type":"cond-expr","locations":[{"start":{"line":99,"column":56},"end":{"line":99,"column":60}},{"start":{"line":99,"column":60},"end":{"line":99,"column":null}}],"line":99},"16":{"loc":{"start":{"line":100,"column":13},"end":{"line":101,"column":null}},"type":"if","locations":[{"start":{"line":100,"column":13},"end":{"line":101,"column":null}},{"start":{"line":101,"column":13},"end":{"line":101,"column":null}}],"line":100},"17":{"loc":{"start":{"line":109,"column":4},"end":{"line":109,"column":null}},"type":"if","locations":[{"start":{"line":109,"column":4},"end":{"line":109,"column":null}},{"start":{},"end":{}}],"line":109},"18":{"loc":{"start":{"line":109,"column":8},"end":{"line":109,"column":82}},"type":"binary-expr","locations":[{"start":{"line":109,"column":8},"end":{"line":109,"column":46}},{"start":{"line":109,"column":46},"end":{"line":109,"column":82}}],"line":109},"19":{"loc":{"start":{"line":111,"column":20},"end":{"line":111,"column":null}},"type":"cond-expr","locations":[{"start":{"line":111,"column":44},"end":{"line":111,"column":90}},{"start":{"line":111,"column":90},"end":{"line":111,"column":null}}],"line":111},"20":{"loc":{"start":{"line":123,"column":4},"end":{"line":129,"column":null}},"type":"if","locations":[{"start":{"line":123,"column":4},"end":{"line":129,"column":null}},{"start":{},"end":{}}],"line":123},"21":{"loc":{"start":{"line":124,"column":12},"end":{"line":124,"column":null}},"type":"cond-expr","locations":[{"start":{"line":124,"column":22},"end":{"line":124,"column":48}},{"start":{"line":124,"column":48},"end":{"line":124,"column":null}}],"line":124},"22":{"loc":{"start":{"line":125,"column":8},"end":{"line":127,"column":null}},"type":"if","locations":[{"start":{"line":125,"column":8},"end":{"line":127,"column":null}},{"start":{"line":126,"column":13},"end":{"line":127,"column":null}}],"line":125},"23":{"loc":{"start":{"line":125,"column":48},"end":{"line":125,"column":null}},"type":"cond-expr","locations":[{"start":{"line":125,"column":56},"end":{"line":125,"column":60}},{"start":{"line":125,"column":60},"end":{"line":125,"column":null}}],"line":125},"24":{"loc":{"start":{"line":126,"column":13},"end":{"line":127,"column":null}},"type":"if","locations":[{"start":{"line":126,"column":13},"end":{"line":127,"column":null}},{"start":{"line":127,"column":13},"end":{"line":127,"column":null}}],"line":126},"25":{"loc":{"start":{"line":159,"column":4},"end":{"line":219,"column":null}},"type":"switch","locations":[{"start":{"line":160,"column":8},"end":{"line":170,"column":null}},{"start":{"line":172,"column":8},"end":{"line":182,"column":null}},{"start":{"line":184,"column":8},"end":{"line":194,"column":null}},{"start":{"line":196,"column":8},"end":{"line":206,"column":null}},{"start":{"line":208,"column":8},"end":{"line":218,"column":null}}],"line":159},"26":{"loc":{"start":{"line":162,"column":65},"end":{"line":162,"column":99}},"type":"cond-expr","locations":[{"start":{"line":162,"column":77},"end":{"line":162,"column":81}},{"start":{"line":162,"column":81},"end":{"line":162,"column":99}}],"line":162},"27":{"loc":{"start":{"line":163,"column":67},"end":{"line":163,"column":101}},"type":"cond-expr","locations":[{"start":{"line":163,"column":79},"end":{"line":163,"column":83}},{"start":{"line":163,"column":83},"end":{"line":163,"column":101}}],"line":163}},"s":{"0":1,"1":5,"2":1,"3":4,"4":1,"5":3,"6":1,"7":2,"8":2,"9":1,"10":3,"11":3,"12":1,"13":3,"14":1,"15":2,"16":0,"17":2,"18":2,"19":1,"20":0,"21":1,"22":2,"23":2,"24":1,"25":1,"26":60,"27":60,"28":60,"29":180,"30":180,"31":180,"32":60,"33":5,"34":5,"35":2,"36":3,"37":3,"38":5,"39":5,"40":5,"41":5,"42":5,"43":5,"44":5,"45":5,"46":3,"47":2,"48":1,"49":1,"50":0,"51":3,"52":3,"53":3,"54":3,"55":1,"56":2,"57":0,"58":3,"59":3,"60":3,"61":3,"62":3,"63":3,"64":3,"65":3,"66":3,"67":3,"68":1,"69":1,"70":1,"71":0,"72":0,"73":0,"74":1,"75":2,"76":9,"77":9,"78":9,"79":9,"80":9,"81":9,"82":9,"83":9,"84":9,"85":9,"86":9,"87":9,"88":3,"89":3,"90":1,"91":1,"92":2,"93":2,"94":1,"95":1,"96":1,"97":1,"98":9},"f":{"0":5,"1":3,"2":3,"3":2,"4":60,"5":180,"6":5,"7":3,"8":3,"9":0,"10":9},"b":{"0":[1,4],"1":[1,3],"2":[1,2],"3":[1,1],"4":[3,1],"5":[1,2],"6":[0,2],"7":[1,1],"8":[0,1],"9":[2,0],"10":[2,3],"11":[5,3],"12":[1,2],"13":[3,2],"14":[2,1],"15":[0,2],"16":[1,0],"17":[1,2],"18":[3,1],"19":[0,2],"20":[1,2],"21":[0,1],"22":[1,0],"23":[0,1],"24":[0,0],"25":[3,1,2,1,1],"26":[0,3],"27":[0,3]},"meta":{"lastBranch":28,"lastFunction":11,"lastStatement":99,"seen":{"s:1:28:1:Infinity":0,"f:3:16:3:29":0,"b:4:4:4:Infinity:undefined:undefined:undefined:undefined":0,"s:4:4:4:Infinity":1,"s:4:20:4:Infinity":2,"b:5:4:5:Infinity:undefined:undefined:undefined:undefined":1,"s:5:4:5:Infinity":3,"s:5:20:5:Infinity":4,"b:6:4:6:Infinity:undefined:undefined:undefined:undefined":2,"s:6:4:6:Infinity":5,"s:6:20:6:Infinity":6,"b:7:4:7:Infinity:undefined:undefined:undefined:undefined":3,"s:7:4:7:Infinity":7,"s:7:20:7:Infinity":8,"s:8:4:8:Infinity":9,"f:11:16:11:29":1,"s:12:40:12:Infinity":10,"s:13:4:13:Infinity":11,"b:13:11:13:20:13:24:13:Infinity":4,"s:16:30:16:Infinity":12,"f:18:16:18:31":2,"b:19:4:19:Infinity:undefined:undefined:undefined:undefined":5,"s:19:4:19:Infinity":13,"s:19:20:19:Infinity":14,"b:20:4:20:Infinity:undefined:undefined:undefined:undefined":6,"s:20:4:20:Infinity":15,"s:20:20:20:Infinity":16,"b:21:4:21:Infinity:undefined:undefined:undefined:undefined":7,"s:21:4:21:Infinity":17,"s:21:20:21:Infinity":18,"b:22:4:22:Infinity:undefined:undefined:undefined:undefined":8,"s:22:4:22:Infinity":19,"s:22:20:22:Infinity":20,"s:23:4:23:Infinity":21,"f:26:16:26:31":3,"s:27:40:27:Infinity":22,"s:28:4:28:Infinity":23,"b:28:11:28:20:28:24:28:Infinity":9,"s:31:35:62:Infinity":24,"s:64:57:71:Infinity":25,"f:73:16:73:25":4,"s:74:4:74:Infinity":26,"s:75:14:75:Infinity":27,"s:76:14:80:Infinity":28,"f:76:14:76:15":5,"s:77:18:77:Infinity":29,"s:78:22:78:Infinity":30,"s:79:8:79:Infinity":31,"s:81:4:81:Infinity":32,"f:84:16:84:25":6,"s:85:21:85:Infinity":33,"b:86:4:86:Infinity:undefined:undefined:undefined:undefined":10,"s:86:4:86:Infinity":34,"b:86:8:86:46:86:46:86:82":11,"s:86:82:86:Infinity":35,"s:88:20:88:Infinity":36,"b:88:44:88:90:88:90:88:Infinity":12,"f:88:67:88:72":7,"s:88:72:88:79":37,"s:89:14:89:Infinity":38,"s:90:14:90:Infinity":39,"s:91:14:91:Infinity":40,"s:93:16:93:Infinity":41,"s:94:16:94:Infinity":42,"s:95:18:95:Infinity":43,"s:97:12:97:Infinity":44,"b:98:4:103:Infinity:undefined:undefined:undefined:undefined":13,"s:98:4:103:Infinity":45,"b:99:8:101:Infinity:100:13:101:Infinity":14,"s:99:8:101:Infinity":46,"s:99:23:99:Infinity":47,"b:99:56:99:60:99:60:99:Infinity":15,"b:100:13:101:Infinity:101:13:101:Infinity":16,"s:100:13:101:Infinity":48,"s:100:28:100:Infinity":49,"s:101:13:101:Infinity":50,"s:102:8:102:Infinity":51,"s:104:4:104:Infinity":52,"f:107:16:107:29":8,"s:108:21:108:Infinity":53,"b:109:4:109:Infinity:undefined:undefined:undefined:undefined":17,"s:109:4:109:Infinity":54,"b:109:8:109:46:109:46:109:82":18,"s:109:82:109:Infinity":55,"s:111:20:111:Infinity":56,"b:111:44:111:90:111:90:111:Infinity":19,"f:111:67:111:72":9,"s:111:72:111:79":57,"s:112:14:112:Infinity":58,"s:113:14:113:Infinity":59,"s:114:14:114:Infinity":60,"s:116:16:116:Infinity":61,"s:117:16:117:Infinity":62,"s:118:18:118:Infinity":63,"s:120:12:120:15":64,"s:120:19:120:Infinity":65,"s:121:14:121:Infinity":66,"b:123:4:129:Infinity:undefined:undefined:undefined:undefined":20,"s:123:4:129:Infinity":67,"s:124:8:124:Infinity":68,"b:124:22:124:48:124:48:124:Infinity":21,"b:125:8:127:Infinity:126:13:127:Infinity":22,"s:125:8:127:Infinity":69,"s:125:23:125:Infinity":70,"b:125:56:125:60:125:60:125:Infinity":23,"b:126:13:127:Infinity:127:13:127:Infinity":24,"s:126:13:127:Infinity":71,"s:126:28:126:Infinity":72,"s:127:13:127:Infinity":73,"s:128:8:128:Infinity":74,"s:130:4:130:Infinity":75,"f:133:16:133:Infinity":10,"s:139:23:139:42":76,"s:142:28:142:51":77,"s:143:27:143:48":78,"s:145:32:145:67":79,"s:146:28:146:63":80,"s:149:27:149:50":81,"s:150:23:150:46":82,"s:152:24:152:47":83,"s:154:14:154:Infinity":84,"s:155:22:155:Infinity":85,"s:157:51:157:53":86,"b:160:8:170:Infinity:172:8:182:Infinity:184:8:194:Infinity:196:8:206:Infinity:208:8:218:Infinity":25,"s:159:4:219:Infinity":87,"s:161:12:169:Infinity":88,"b:162:77:162:81:162:81:162:99":26,"b:163:79:163:83:163:83:163:101":27,"s:170:12:170:Infinity":89,"s:173:12:181:Infinity":90,"s:182:12:182:Infinity":91,"s:185:12:193:Infinity":92,"s:194:12:194:Infinity":93,"s:197:12:205:Infinity":94,"s:206:12:206:Infinity":95,"s:209:12:217:Infinity":96,"s:218:12:218:Infinity":97,"s:220:4:220:Infinity":98}}}
,"/Users/kingjoshua/Desktop/Cleland.Studios/projects/blueprint_config/src/test/noop.ts": {"path":"/Users/kingjoshua/Desktop/Cleland.Studios/projects/blueprint_config/src/test/noop.ts","statementMap":{"0":{"start":{"line":1,"column":21},"end":{"line":3,"column":null}},"1":{"start":{"line":2,"column":5},"end":{"line":2,"column":null}},"2":{"start":{"line":4,"column":27},"end":{"line":6,"column":null}},"3":{"start":{"line":5,"column":42},"end":{"line":5,"column":null}}},"fnMap":{"0":{"name":"(anonymous_0)","decl":{"start":{"line":1,"column":21},"end":{"line":1,"column":22}},"loc":{"start":{"line":1,"column":22},"end":{"line":3,"column":null}},"line":1},"1":{"name":"(anonymous_1)","decl":{"start":{"line":5,"column":15},"end":{"line":5,"column":16}},"loc":{"start":{"line":5,"column":42},"end":{"line":5,"column":null}},"line":5}},"branchMap":{},"s":{"0":2,"1":1,"2":2,"3":0},"f":{"0":1,"1":0},"b":{},"meta":{"lastBranch":0,"lastFunction":2,"lastStatement":4,"seen":{"s:1:21:3:Infinity":0,"f:1:21:1:22":0,"s:2:5:2:Infinity":1,"s:4:27:6:Infinity":2,"f:5:15:5:16":1,"s:5:42:5:Infinity":3}}}
,"/Users/kingjoshua/Desktop/Cleland.Studios/projects/blueprint_config/supabase/functions/_shared/cors.ts": {"path":"/Users/kingjoshua/Desktop/Cleland.Studios/projects/blueprint_config/supabase/functions/_shared/cors.ts","statementMap":{"0":{"start":{"line":9,"column":34},"end":{"line":14,"column":null}},"1":{"start":{"line":17,"column":22},"end":{"line":17,"column":null}},"2":{"start":{"line":26,"column":19},"end":{"line":26,"column":null}},"3":{"start":{"line":29,"column":8},"end":{"line":29,"column":null}},"4":{"start":{"line":31,"column":4},"end":{"line":37,"column":null}},"5":{"start":{"line":44,"column":4},"end":{"line":44,"column":null}}},"fnMap":{"0":{"name":"getCorsHeaders","decl":{"start":{"line":25,"column":16},"end":{"line":25,"column":31}},"loc":{"start":{"line":25,"column":43},"end":{"line":38,"column":null}},"line":25},"1":{"name":"corsOptionsResponse","decl":{"start":{"line":43,"column":16},"end":{"line":43,"column":36}},"loc":{"start":{"line":43,"column":48},"end":{"line":45,"column":null}},"line":43}},"branchMap":{"0":{"loc":{"start":{"line":26,"column":19},"end":{"line":26,"column":null}},"type":"binary-expr","locations":[{"start":{"line":26,"column":19},"end":{"line":26,"column":48}},{"start":{"line":26,"column":48},"end":{"line":26,"column":null}}],"line":26},"1":{"loc":{"start":{"line":29,"column":8},"end":{"line":29,"column":null}},"type":"binary-expr","locations":[{"start":{"line":29,"column":8},"end":{"line":29,"column":44}},{"start":{"line":29,"column":44},"end":{"line":29,"column":null}}],"line":29},"2":{"loc":{"start":{"line":32,"column":39},"end":{"line":32,"column":78}},"type":"cond-expr","locations":[{"start":{"line":32,"column":51},"end":{"line":32,"column":60}},{"start":{"line":32,"column":60},"end":{"line":32,"column":78}}],"line":32}},"s":{"0":3,"1":3,"2":6,"3":6,"4":6,"5":0},"f":{"0":6,"1":0},"b":{"0":[6,2],"1":[6,5],"2":[3,3]},"meta":{"lastBranch":3,"lastFunction":2,"lastStatement":6,"seen":{"s:9:34:14:Infinity":0,"s:17:22:17:Infinity":1,"f:25:16:25:31":0,"s:26:19:26:Infinity":2,"b:26:19:26:48:26:48:26:Infinity":0,"s:29:8:29:Infinity":3,"b:29:8:29:44:29:44:29:Infinity":1,"s:31:4:37:Infinity":4,"b:32:51:32:60:32:60:32:78":2,"f:43:16:43:36":1,"s:44:4:44:Infinity":5}}}
,"/Users/kingjoshua/Desktop/Cleland.Studios/projects/blueprint_config/supabase/functions/_shared/hmac.ts": {"path":"/Users/kingjoshua/Desktop/Cleland.Studios/projects/blueprint_config/supabase/functions/_shared/hmac.ts","statementMap":{"0":{"start":{"line":15,"column":26},"end":{"line":15,"column":31}},"1":{"start":{"line":16,"column":16},"end":{"line":16,"column":null}},"2":{"start":{"line":21,"column":16},"end":{"line":26,"column":null}},"3":{"start":{"line":28,"column":16},"end":{"line":28,"column":null}},"4":{"start":{"line":29,"column":4},"end":{"line":31,"column":null}},"5":{"start":{"line":30,"column":20},"end":{"line":30,"column":null}},"6":{"start":{"line":36,"column":4},"end":{"line":36,"column":null}},"7":{"start":{"line":36,"column":31},"end":{"line":36,"column":null}},"8":{"start":{"line":37,"column":19},"end":{"line":37,"column":null}},"9":{"start":{"line":38,"column":4},"end":{"line":40,"column":null}},"10":{"start":{"line":38,"column":17},"end":{"line":38,"column":20}},"11":{"start":{"line":39,"column":8},"end":{"line":39,"column":null}},"12":{"start":{"line":41,"column":4},"end":{"line":41,"column":null}},"13":{"start":{"line":54,"column":22},"end":{"line":54,"column":null}},"14":{"start":{"line":55,"column":22},"end":{"line":55,"column":null}},"15":{"start":{"line":56,"column":4},"end":{"line":56,"column":null}},"16":{"start":{"line":76,"column":4},"end":{"line":81,"column":null}},"17":{"start":{"line":77,"column":8},"end":{"line":80,"column":null}},"18":{"start":{"line":84,"column":24},"end":{"line":84,"column":null}},"19":{"start":{"line":85,"column":4},"end":{"line":87,"column":null}},"20":{"start":{"line":86,"column":8},"end":{"line":86,"column":null}},"21":{"start":{"line":89,"column":16},"end":{"line":89,"column":null}},"22":{"start":{"line":90,"column":18},"end":{"line":90,"column":null}},"23":{"start":{"line":91,"column":4},"end":{"line":96,"column":null}},"24":{"start":{"line":92,"column":8},"end":{"line":95,"column":null}},"25":{"start":{"line":99,"column":21},"end":{"line":99,"column":null}},"26":{"start":{"line":101,"column":4},"end":{"line":103,"column":null}},"27":{"start":{"line":102,"column":8},"end":{"line":102,"column":null}},"28":{"start":{"line":105,"column":4},"end":{"line":105,"column":null}},"29":{"start":{"line":111,"column":28},"end":{"line":111,"column":null}},"30":{"start":{"line":114,"column":24},"end":{"line":122,"column":null}},"31":{"start":{"line":119,"column":22},"end":{"line":119,"column":null}},"32":{"start":{"line":120,"column":22},"end":{"line":120,"column":null}},"33":{"start":{"line":121,"column":4},"end":{"line":121,"column":null}}},"fnMap":{"0":{"name":"hmacSha256","decl":{"start":{"line":20,"column":15},"end":{"line":20,"column":26}},"loc":{"start":{"line":20,"column":57},"end":{"line":32,"column":null}},"line":20},"1":{"name":"(anonymous_1)","decl":{"start":{"line":30,"column":13},"end":{"line":30,"column":14}},"loc":{"start":{"line":30,"column":20},"end":{"line":30,"column":null}},"line":30},"2":{"name":"constantTimeEqual","decl":{"start":{"line":35,"column":9},"end":{"line":35,"column":27}},"loc":{"start":{"line":35,"column":47},"end":{"line":42,"column":null}},"line":35},"3":{"name":"signForConsole","decl":{"start":{"line":50,"column":22},"end":{"line":50,"column":null}},"loc":{"start":{"line":52,"column":18},"end":{"line":57,"column":null}},"line":52},"4":{"name":"validateFromConsole","decl":{"start":{"line":70,"column":22},"end":{"line":70,"column":null}},"loc":{"start":{"line":74,"column":18},"end":{"line":106,"column":null}},"line":74},"5":{"name":"(anonymous_5)","decl":{"start":{"line":114,"column":24},"end":{"line":114,"column":null}},"loc":{"start":{"line":116,"column":4},"end":{"line":122,"column":null}},"line":116}},"branchMap":{"0":{"loc":{"start":{"line":36,"column":4},"end":{"line":36,"column":null}},"type":"if","locations":[{"start":{"line":36,"column":4},"end":{"line":36,"column":null}},{"start":{},"end":{}}],"line":36},"1":{"loc":{"start":{"line":76,"column":4},"end":{"line":81,"column":null}},"type":"if","locations":[{"start":{"line":76,"column":4},"end":{"line":81,"column":null}},{"start":{},"end":{}}],"line":76},"2":{"loc":{"start":{"line":76,"column":8},"end":{"line":76,"column":34}},"type":"binary-expr","locations":[{"start":{"line":76,"column":8},"end":{"line":76,"column":22}},{"start":{"line":76,"column":22},"end":{"line":76,"column":34}}],"line":76},"3":{"loc":{"start":{"line":85,"column":4},"end":{"line":87,"column":null}},"type":"if","locations":[{"start":{"line":85,"column":4},"end":{"line":87,"column":null}},{"start":{},"end":{}}],"line":85},"4":{"loc":{"start":{"line":91,"column":4},"end":{"line":96,"column":null}},"type":"if","locations":[{"start":{"line":91,"column":4},"end":{"line":96,"column":null}},{"start":{},"end":{}}],"line":91},"5":{"loc":{"start":{"line":101,"column":4},"end":{"line":103,"column":null}},"type":"if","locations":[{"start":{"line":101,"column":4},"end":{"line":103,"column":null}},{"start":{},"end":{}}],"line":101}},"s":{"0":1,"1":1,"2":2,"3":2,"4":2,"5":64,"6":0,"7":0,"8":0,"9":0,"10":0,"11":0,"12":0,"13":2,"14":2,"15":2,"16":0,"17":0,"18":0,"19":0,"20":0,"21":0,"22":0,"23":0,"24":0,"25":0,"26":0,"27":0,"28":0,"29":1,"30":1,"31":0,"32":0,"33":0},"f":{"0":2,"1":64,"2":0,"3":2,"4":0,"5":0},"b":{"0":[0,0],"1":[0,0],"2":[0,0],"3":[0,0],"4":[0,0],"5":[0,0]},"meta":{"lastBranch":6,"lastFunction":6,"lastStatement":34,"seen":{"s:15:26:15:31":0,"s:16:16:16:Infinity":1,"f:20:15:20:26":0,"s:21:16:26:Infinity":2,"s:28:16:28:Infinity":3,"s:29:4:31:Infinity":4,"f:30:13:30:14":1,"s:30:20:30:Infinity":5,"f:35:9:35:27":2,"b:36:4:36:Infinity:undefined:undefined:undefined:undefined":0,"s:36:4:36:Infinity":6,"s:36:31:36:Infinity":7,"s:37:19:37:Infinity":8,"s:38:4:40:Infinity":9,"s:38:17:38:20":10,"s:39:8:39:Infinity":11,"s:41:4:41:Infinity":12,"f:50:22:50:Infinity":3,"s:54:22:54:Infinity":13,"s:55:22:55:Infinity":14,"s:56:4:56:Infinity":15,"f:70:22:70:Infinity":4,"b:76:4:81:Infinity:undefined:undefined:undefined:undefined":1,"s:76:4:81:Infinity":16,"b:76:8:76:22:76:22:76:34":2,"s:77:8:80:Infinity":17,"s:84:24:84:Infinity":18,"b:85:4:87:Infinity:undefined:undefined:undefined:undefined":3,"s:85:4:87:Infinity":19,"s:86:8:86:Infinity":20,"s:89:16:89:Infinity":21,"s:90:18:90:Infinity":22,"b:91:4:96:Infinity:undefined:undefined:undefined:undefined":4,"s:91:4:96:Infinity":23,"s:92:8:95:Infinity":24,"s:99:21:99:Infinity":25,"b:101:4:103:Infinity:undefined:undefined:undefined:undefined":5,"s:101:4:103:Infinity":26,"s:102:8:102:Infinity":27,"s:105:4:105:Infinity":28,"s:111:28:111:Infinity":29,"s:114:24:122:Infinity":30,"f:114:24:114:Infinity":5,"s:119:22:119:Infinity":31,"s:120:22:120:Infinity":32,"s:121:4:121:Infinity":33}}}
,"/Users/kingjoshua/Desktop/Cleland.Studios/projects/blueprint_config/supabase/functions/_shared/sanitize.ts": {"path":"/Users/kingjoshua/Desktop/Cleland.Studios/projects/blueprint_config/supabase/functions/_shared/sanitize.ts","statementMap":{"0":{"start":{"line":10,"column":20},"end":{"line":10,"column":null}},"1":{"start":{"line":13,"column":4},"end":{"line":13,"column":null}},"2":{"start":{"line":18,"column":43},"end":{"line":25,"column":null}},"3":{"start":{"line":28,"column":4},"end":{"line":28,"column":null}},"4":{"start":{"line":28,"column":47},"end":{"line":28,"column":null}},"5":{"start":{"line":34,"column":4},"end":{"line":34,"column":null}},"6":{"start":{"line":34,"column":34},"end":{"line":34,"column":null}},"7":{"start":{"line":35,"column":4},"end":{"line":35,"column":null}},"8":{"start":{"line":41,"column":4},"end":{"line":46,"column":null}},"9":{"start":{"line":52,"column":4},"end":{"line":52,"column":null}},"10":{"start":{"line":52,"column":43},"end":{"line":52,"column":null}},"11":{"start":{"line":53,"column":4},"end":{"line":59,"column":null}},"12":{"start":{"line":65,"column":15},"end":{"line":65,"column":null}},"13":{"start":{"line":68,"column":4},"end":{"line":68,"column":null}},"14":{"start":{"line":68,"column":41},"end":{"line":68,"column":null}},"15":{"start":{"line":69,"column":4},"end":{"line":69,"column":null}},"16":{"start":{"line":69,"column":27},"end":{"line":69,"column":null}},"17":{"start":{"line":70,"column":4},"end":{"line":70,"column":null}},"18":{"start":{"line":79,"column":44},"end":{"line":79,"column":null}},"19":{"start":{"line":80,"column":4},"end":{"line":96,"column":null}},"20":{"start":{"line":81,"column":8},"end":{"line":95,"column":null}},"21":{"start":{"line":82,"column":12},"end":{"line":82,"column":null}},"22":{"start":{"line":83,"column":15},"end":{"line":95,"column":null}},"23":{"start":{"line":84,"column":12},"end":{"line":89,"column":null}},"24":{"start":{"line":85,"column":16},"end":{"line":89,"column":null}},"25":{"start":{"line":91,"column":15},"end":{"line":95,"column":null}},"26":{"start":{"line":92,"column":12},"end":{"line":92,"column":null}},"27":{"start":{"line":94,"column":12},"end":{"line":94,"column":null}},"28":{"start":{"line":97,"column":4},"end":{"line":97,"column":null}}},"fnMap":{"0":{"name":"stripHtml","decl":{"start":{"line":12,"column":16},"end":{"line":12,"column":26}},"loc":{"start":{"line":12,"column":38},"end":{"line":14,"column":null}},"line":12},"1":{"name":"escapeSpecialChars","decl":{"start":{"line":27,"column":16},"end":{"line":27,"column":35}},"loc":{"start":{"line":27,"column":47},"end":{"line":29,"column":null}},"line":27},"2":{"name":"(anonymous_2)","decl":{"start":{"line":28,"column":37},"end":{"line":28,"column":38}},"loc":{"start":{"line":28,"column":47},"end":{"line":28,"column":null}},"line":28},"3":{"name":"enforceMaxLength","decl":{"start":{"line":33,"column":16},"end":{"line":33,"column":33}},"loc":{"start":{"line":33,"column":71},"end":{"line":36,"column":null}},"line":33},"4":{"name":"normalizeWhitespace","decl":{"start":{"line":40,"column":16},"end":{"line":40,"column":36}},"loc":{"start":{"line":40,"column":48},"end":{"line":47,"column":null}},"line":40},"5":{"name":"sanitizeText","decl":{"start":{"line":51,"column":16},"end":{"line":51,"column":29}},"loc":{"start":{"line":51,"column":67},"end":{"line":61,"column":null}},"line":51},"6":{"name":"validateUrl","decl":{"start":{"line":67,"column":16},"end":{"line":67,"column":28}},"loc":{"start":{"line":67,"column":39},"end":{"line":71,"column":null}},"line":67},"7":{"name":"sanitizeObject","decl":{"start":{"line":75,"column":16},"end":{"line":75,"column":null}},"loc":{"start":{"line":77,"column":28},"end":{"line":98,"column":null}},"line":77},"8":{"name":"(anonymous_8)","decl":{"start":{"line":84,"column":36},"end":{"line":84,"column":37}},"loc":{"start":{"line":85,"column":16},"end":{"line":89,"column":null}},"line":85}},"branchMap":{"0":{"loc":{"start":{"line":28,"column":47},"end":{"line":28,"column":null}},"type":"binary-expr","locations":[{"start":{"line":28,"column":47},"end":{"line":28,"column":63}},{"start":{"line":28,"column":67},"end":{"line":28,"column":null}}],"line":28},"1":{"loc":{"start":{"line":33,"column":47},"end":{"line":33,"column":71}},"type":"default-arg","locations":[{"start":{"line":33,"column":67},"end":{"line":33,"column":71}}],"line":33},"2":{"loc":{"start":{"line":34,"column":4},"end":{"line":34,"column":null}},"type":"if","locations":[{"start":{"line":34,"column":4},"end":{"line":34,"column":null}},{"start":{},"end":{}}],"line":34},"3":{"loc":{"start":{"line":51,"column":43},"end":{"line":51,"column":67}},"type":"default-arg","locations":[{"start":{"line":51,"column":63},"end":{"line":51,"column":67}}],"line":51},"4":{"loc":{"start":{"line":52,"column":4},"end":{"line":52,"column":null}},"type":"if","locations":[{"start":{"line":52,"column":4},"end":{"line":52,"column":null}},{"start":{},"end":{}}],"line":52},"5":{"loc":{"start":{"line":52,"column":8},"end":{"line":52,"column":43}},"type":"binary-expr","locations":[{"start":{"line":52,"column":8},"end":{"line":52,"column":17}},{"start":{"line":52,"column":17},"end":{"line":52,"column":43}}],"line":52},"6":{"loc":{"start":{"line":68,"column":4},"end":{"line":68,"column":null}},"type":"if","locations":[{"start":{"line":68,"column":4},"end":{"line":68,"column":null}},{"start":{},"end":{}}],"line":68},"7":{"loc":{"start":{"line":68,"column":8},"end":{"line":68,"column":41}},"type":"binary-expr","locations":[{"start":{"line":68,"column":8},"end":{"line":68,"column":16}},{"start":{"line":68,"column":16},"end":{"line":68,"column":41}}],"line":68},"8":{"loc":{"start":{"line":69,"column":4},"end":{"line":69,"column":null}},"type":"if","locations":[{"start":{"line":69,"column":4},"end":{"line":69,"column":null}},{"start":{},"end":{}}],"line":69},"9":{"loc":{"start":{"line":77,"column":4},"end":{"line":77,"column":28}},"type":"default-arg","locations":[{"start":{"line":77,"column":24},"end":{"line":77,"column":28}}],"line":77},"10":{"loc":{"start":{"line":81,"column":8},"end":{"line":95,"column":null}},"type":"if","locations":[{"start":{"line":81,"column":8},"end":{"line":95,"column":null}},{"start":{"line":83,"column":15},"end":{"line":95,"column":null}}],"line":81},"11":{"loc":{"start":{"line":83,"column":15},"end":{"line":95,"column":null}},"type":"if","locations":[{"start":{"line":83,"column":15},"end":{"line":95,"column":null}},{"start":{"line":91,"column":15},"end":{"line":95,"column":null}}],"line":83},"12":{"loc":{"start":{"line":85,"column":16},"end":{"line":89,"column":null}},"type":"cond-expr","locations":[{"start":{"line":86,"column":22},"end":{"line":86,"column":null}},{"start":{"line":87,"column":22},"end":{"line":89,"column":null}}],"line":85},"13":{"loc":{"start":{"line":87,"column":22},"end":{"line":89,"column":null}},"type":"cond-expr","locations":[{"start":{"line":88,"column":26},"end":{"line":88,"column":null}},{"start":{"line":89,"column":26},"end":{"line":89,"column":null}}],"line":87},"14":{"loc":{"start":{"line":87,"column":22},"end":{"line":87,"column":null}},"type":"binary-expr","locations":[{"start":{"line":87,"column":22},"end":{"line":87,"column":50}},{"start":{"line":87,"column":50},"end":{"line":87,"column":null}}],"line":87},"15":{"loc":{"start":{"line":91,"column":15},"end":{"line":95,"column":null}},"type":"if","locations":[{"start":{"line":91,"column":15},"end":{"line":95,"column":null}},{"start":{"line":93,"column":15},"end":{"line":95,"column":null}}],"line":91},"16":{"loc":{"start":{"line":91,"column":19},"end":{"line":91,"column":64}},"type":"binary-expr","locations":[{"start":{"line":91,"column":19},"end":{"line":91,"column":48}},{"start":{"line":91,"column":48},"end":{"line":91,"column":64}}],"line":91}},"s":{"0":1,"1":9,"2":1,"3":7,"4":12,"5":7,"6":6,"7":1,"8":8,"9":8,"10":3,"11":5,"12":1,"13":7,"14":1,"15":6,"16":1,"17":5,"18":2,"19":2,"20":6,"21":2,"22":4,"23":1,"24":2,"25":3,"26":1,"27":2,"28":2},"f":{"0":9,"1":7,"2":12,"3":7,"4":8,"5":8,"6":7,"7":2,"8":2},"b":{"0":[12,0],"1":[7],"2":[6,1],"3":[8],"4":[3,5],"5":[8,6],"6":[1,6],"7":[7,6],"8":[1,5],"9":[2],"10":[2,4],"11":[1,3],"12":[2,0],"13":[0,0],"14":[0,0],"15":[1,2],"16":[3,2]},"meta":{"lastBranch":17,"lastFunction":9,"lastStatement":29,"seen":{"s:10:20:10:Infinity":0,"f:12:16:12:26":0,"s:13:4:13:Infinity":1,"s:18:43:25:Infinity":2,"f:27:16:27:35":1,"s:28:4:28:Infinity":3,"f:28:37:28:38":2,"s:28:47:28:Infinity":4,"b:28:47:28:63:28:67:28:Infinity":0,"f:33:16:33:33":3,"b:33:67:33:71":1,"b:34:4:34:Infinity:undefined:undefined:undefined:undefined":2,"s:34:4:34:Infinity":5,"s:34:34:34:Infinity":6,"s:35:4:35:Infinity":7,"f:40:16:40:36":4,"s:41:4:46:Infinity":8,"f:51:16:51:29":5,"b:51:63:51:67":3,"b:52:4:52:Infinity:undefined:undefined:undefined:undefined":4,"s:52:4:52:Infinity":9,"b:52:8:52:17:52:17:52:43":5,"s:52:43:52:Infinity":10,"s:53:4:59:Infinity":11,"s:65:15:65:Infinity":12,"f:67:16:67:28":6,"b:68:4:68:Infinity:undefined:undefined:undefined:undefined":6,"s:68:4:68:Infinity":13,"b:68:8:68:16:68:16:68:41":7,"s:68:41:68:Infinity":14,"b:69:4:69:Infinity:undefined:undefined:undefined:undefined":8,"s:69:4:69:Infinity":15,"s:69:27:69:Infinity":16,"s:70:4:70:Infinity":17,"f:75:16:75:Infinity":7,"b:77:24:77:28":9,"s:79:44:79:Infinity":18,"s:80:4:96:Infinity":19,"b:81:8:95:Infinity:83:15:95:Infinity":10,"s:81:8:95:Infinity":20,"s:82:12:82:Infinity":21,"b:83:15:95:Infinity:91:15:95:Infinity":11,"s:83:15:95:Infinity":22,"s:84:12:89:Infinity":23,"f:84:36:84:37":8,"s:85:16:89:Infinity":24,"b:86:22:86:Infinity:87:22:89:Infinity":12,"b:88:26:88:Infinity:89:26:89:Infinity":13,"b:87:22:87:50:87:50:87:Infinity":14,"b:91:15:95:Infinity:93:15:95:Infinity":15,"s:91:15:95:Infinity":25,"b:91:19:91:48:91:48:91:64":16,"s:92:12:92:Infinity":26,"s:94:12:94:Infinity":27,"s:97:4:97:Infinity":28}}}
,"/Users/kingjoshua/Desktop/Cleland.Studios/projects/blueprint_config/supabase/functions/_shared/scoring.ts": {"path":"/Users/kingjoshua/Desktop/Cleland.Studios/projects/blueprint_config/supabase/functions/_shared/scoring.ts","statementMap":{"0":{"start":{"line":39,"column":27},"end":{"line":46,"column":null}},"1":{"start":{"line":48,"column":26},"end":{"line":55,"column":null}},"2":{"start":{"line":57,"column":48},"end":{"line":62,"column":null}},"3":{"start":{"line":64,"column":46},"end":{"line":69,"column":null}},"4":{"start":{"line":74,"column":4},"end":{"line":74,"column":null}},"5":{"start":{"line":84,"column":21},"end":{"line":84,"column":null}},"6":{"start":{"line":85,"column":20},"end":{"line":85,"column":null}},"7":{"start":{"line":87,"column":18},"end":{"line":87,"column":null}},"8":{"start":{"line":88,"column":21},"end":{"line":90,"column":null}},"9":{"start":{"line":92,"column":8},"end":{"line":94,"column":null}},"10":{"start":{"line":96,"column":8},"end":{"line":96,"column":null}},"11":{"start":{"line":98,"column":8},"end":{"line":98,"column":null}},"12":{"start":{"line":100,"column":8},"end":{"line":100,"column":null}},"13":{"start":{"line":102,"column":23},"end":{"line":102,"column":null}},"14":{"start":{"line":103,"column":26},"end":{"line":103,"column":null}},"15":{"start":{"line":104,"column":22},"end":{"line":104,"column":null}},"16":{"start":{"line":105,"column":22},"end":{"line":105,"column":null}},"17":{"start":{"line":106,"column":26},"end":{"line":106,"column":null}},"18":{"start":{"line":107,"column":24},"end":{"line":107,"column":null}},"19":{"start":{"line":110,"column":8},"end":{"line":115,"column":47}},"20":{"start":{"line":117,"column":4},"end":{"line":117,"column":null}},"21":{"start":{"line":127,"column":23},"end":{"line":127,"column":null}},"22":{"start":{"line":128,"column":20},"end":{"line":128,"column":null}},"23":{"start":{"line":131,"column":23},"end":{"line":136,"column":null}},"24":{"start":{"line":137,"column":24},"end":{"line":139,"column":12}},"25":{"start":{"line":138,"column":15},"end":{"line":138,"column":null}},"26":{"start":{"line":140,"column":24},"end":{"line":140,"column":null}},"27":{"start":{"line":144,"column":8},"end":{"line":150,"column":null}},"28":{"start":{"line":153,"column":24},"end":{"line":153,"column":null}},"29":{"start":{"line":156,"column":15},"end":{"line":156,"column":null}},"30":{"start":{"line":157,"column":19},"end":{"line":159,"column":12}},"31":{"start":{"line":158,"column":15},"end":{"line":158,"column":null}},"32":{"start":{"line":160,"column":20},"end":{"line":160,"column":null}},"33":{"start":{"line":163,"column":18},"end":{"line":165,"column":12}},"34":{"start":{"line":166,"column":23},"end":{"line":166,"column":null}},"35":{"start":{"line":169,"column":23},"end":{"line":169,"column":null}},"36":{"start":{"line":170,"column":4},"end":{"line":170,"column":null}},"37":{"start":{"line":170,"column":46},"end":{"line":170,"column":null}},"38":{"start":{"line":171,"column":4},"end":{"line":171,"column":null}},"39":{"start":{"line":171,"column":29},"end":{"line":171,"column":null}},"40":{"start":{"line":174,"column":8},"end":{"line":179,"column":52}},"41":{"start":{"line":181,"column":4},"end":{"line":181,"column":null}},"42":{"start":{"line":190,"column":4},"end":{"line":190,"column":null}},"43":{"start":{"line":190,"column":31},"end":{"line":190,"column":null}},"44":{"start":{"line":191,"column":4},"end":{"line":191,"column":null}},"45":{"start":{"line":191,"column":31},"end":{"line":191,"column":null}},"46":{"start":{"line":192,"column":4},"end":{"line":192,"column":null}},"47":{"start":{"line":201,"column":29},"end":{"line":201,"column":null}},"48":{"start":{"line":202,"column":28},"end":{"line":202,"column":null}},"49":{"start":{"line":203,"column":28},"end":{"line":203,"column":null}},"50":{"start":{"line":204,"column":4},"end":{"line":204,"column":null}}},"fnMap":{"0":{"name":"clamp","decl":{"start":{"line":73,"column":9},"end":{"line":73,"column":15}},"loc":{"start":{"line":73,"column":44},"end":{"line":75,"column":null}},"line":73},"1":{"name":"calculateComplexityScore","decl":{"start":{"line":83,"column":16},"end":{"line":83,"column":41}},"loc":{"start":{"line":83,"column":60},"end":{"line":118,"column":null}},"line":83},"2":{"name":"calculateIntegrityScore","decl":{"start":{"line":126,"column":16},"end":{"line":126,"column":40}},"loc":{"start":{"line":126,"column":59},"end":{"line":182,"column":null}},"line":126},"3":{"name":"(anonymous_3)","decl":{"start":{"line":138,"column":8},"end":{"line":138,"column":9}},"loc":{"start":{"line":138,"column":15},"end":{"line":138,"column":null}},"line":138},"4":{"name":"(anonymous_4)","decl":{"start":{"line":158,"column":8},"end":{"line":158,"column":9}},"loc":{"start":{"line":158,"column":15},"end":{"line":158,"column":null}},"line":158},"5":{"name":"deriveTier","decl":{"start":{"line":189,"column":16},"end":{"line":189,"column":27}},"loc":{"start":{"line":189,"column":50},"end":{"line":193,"column":null}},"line":189},"6":{"name":"scoreBlueprint","decl":{"start":{"line":200,"column":16},"end":{"line":200,"column":31}},"loc":{"start":{"line":200,"column":50},"end":{"line":205,"column":null}},"line":200}},"branchMap":{"0":{"loc":{"start":{"line":73,"column":26},"end":{"line":73,"column":33}},"type":"default-arg","locations":[{"start":{"line":73,"column":32},"end":{"line":73,"column":33}}],"line":73},"1":{"loc":{"start":{"line":73,"column":35},"end":{"line":73,"column":44}},"type":"default-arg","locations":[{"start":{"line":73,"column":41},"end":{"line":73,"column":44}}],"line":73},"2":{"loc":{"start":{"line":84,"column":21},"end":{"line":84,"column":null}},"type":"binary-expr","locations":[{"start":{"line":84,"column":21},"end":{"line":84,"column":34}},{"start":{"line":84,"column":38},"end":{"line":84,"column":null}}],"line":84},"3":{"loc":{"start":{"line":85,"column":20},"end":{"line":85,"column":null}},"type":"binary-expr","locations":[{"start":{"line":85,"column":20},"end":{"line":85,"column":32}},{"start":{"line":85,"column":36},"end":{"line":85,"column":null}}],"line":85},"4":{"loc":{"start":{"line":87,"column":18},"end":{"line":87,"column":null}},"type":"cond-expr","locations":[{"start":{"line":87,"column":49},"end":{"line":87,"column":69}},{"start":{"line":87,"column":72},"end":{"line":87,"column":null}}],"line":87},"5":{"loc":{"start":{"line":88,"column":21},"end":{"line":90,"column":null}},"type":"cond-expr","locations":[{"start":{"line":89,"column":10},"end":{"line":89,"column":33}},{"start":{"line":90,"column":10},"end":{"line":90,"column":null}}],"line":88},"6":{"loc":{"start":{"line":92,"column":8},"end":{"line":94,"column":null}},"type":"cond-expr","locations":[{"start":{"line":93,"column":14},"end":{"line":93,"column":39}},{"start":{"line":94,"column":14},"end":{"line":94,"column":null}}],"line":92},"7":{"loc":{"start":{"line":96,"column":8},"end":{"line":96,"column":null}},"type":"cond-expr","locations":[{"start":{"line":96,"column":52},"end":{"line":96,"column":73}},{"start":{"line":96,"column":76},"end":{"line":96,"column":null}}],"line":96},"8":{"loc":{"start":{"line":98,"column":8},"end":{"line":98,"column":null}},"type":"cond-expr","locations":[{"start":{"line":98,"column":47},"end":{"line":98,"column":63}},{"start":{"line":98,"column":66},"end":{"line":98,"column":null}}],"line":98},"9":{"loc":{"start":{"line":100,"column":8},"end":{"line":100,"column":null}},"type":"cond-expr","locations":[{"start":{"line":100,"column":45},"end":{"line":100,"column":59}},{"start":{"line":100,"column":62},"end":{"line":100,"column":null}}],"line":100},"10":{"loc":{"start":{"line":102,"column":23},"end":{"line":102,"column":null}},"type":"cond-expr","locations":[{"start":{"line":102,"column":36},"end":{"line":102,"column":41}},{"start":{"line":102,"column":41},"end":{"line":102,"column":null}}],"line":102},"11":{"loc":{"start":{"line":102,"column":41},"end":{"line":102,"column":null}},"type":"cond-expr","locations":[{"start":{"line":102,"column":54},"end":{"line":102,"column":59}},{"start":{"line":102,"column":59},"end":{"line":102,"column":null}}],"line":102},"12":{"loc":{"start":{"line":106,"column":26},"end":{"line":106,"column":null}},"type":"binary-expr","locations":[{"start":{"line":106,"column":26},"end":{"line":106,"column":51}},{"start":{"line":106,"column":55},"end":{"line":106,"column":null}}],"line":106},"13":{"loc":{"start":{"line":107,"column":24},"end":{"line":107,"column":null}},"type":"binary-expr","locations":[{"start":{"line":107,"column":24},"end":{"line":107,"column":45}},{"start":{"line":107,"column":49},"end":{"line":107,"column":null}}],"line":107},"14":{"loc":{"start":{"line":127,"column":23},"end":{"line":127,"column":null}},"type":"binary-expr","locations":[{"start":{"line":127,"column":23},"end":{"line":127,"column":38}},{"start":{"line":127,"column":42},"end":{"line":127,"column":null}}],"line":127},"15":{"loc":{"start":{"line":128,"column":20},"end":{"line":128,"column":null}},"type":"binary-expr","locations":[{"start":{"line":128,"column":20},"end":{"line":128,"column":32}},{"start":{"line":128,"column":36},"end":{"line":128,"column":null}}],"line":128},"16":{"loc":{"start":{"line":138,"column":15},"end":{"line":138,"column":null}},"type":"binary-expr","locations":[{"start":{"line":138,"column":15},"end":{"line":138,"column":28}},{"start":{"line":138,"column":28},"end":{"line":138,"column":null}}],"line":138},"17":{"loc":{"start":{"line":144,"column":8},"end":{"line":150,"column":null}},"type":"cond-expr","locations":[{"start":{"line":145,"column":14},"end":{"line":145,"column":null}},{"start":{"line":146,"column":14},"end":{"line":150,"column":null}}],"line":144},"18":{"loc":{"start":{"line":146,"column":14},"end":{"line":150,"column":null}},"type":"cond-expr","locations":[{"start":{"line":147,"column":18},"end":{"line":147,"column":null}},{"start":{"line":148,"column":18},"end":{"line":150,"column":null}}],"line":146},"19":{"loc":{"start":{"line":148,"column":18},"end":{"line":150,"column":null}},"type":"cond-expr","locations":[{"start":{"line":149,"column":22},"end":{"line":149,"column":null}},{"start":{"line":150,"column":22},"end":{"line":150,"column":null}}],"line":148},"20":{"loc":{"start":{"line":153,"column":24},"end":{"line":153,"column":null}},"type":"cond-expr","locations":[{"start":{"line":153,"column":45},"end":{"line":153,"column":51}},{"start":{"line":153,"column":51},"end":{"line":153,"column":null}}],"line":153},"21":{"loc":{"start":{"line":156,"column":15},"end":{"line":156,"column":null}},"type":"binary-expr","locations":[{"start":{"line":156,"column":15},"end":{"line":156,"column":36}},{"start":{"line":156,"column":68},"end":{"line":156,"column":null}}],"line":156},"22":{"loc":{"start":{"line":163,"column":18},"end":{"line":165,"column":12}},"type":"cond-expr","locations":[{"start":{"line":164,"column":10},"end":{"line":164,"column":35}},{"start":{"line":165,"column":10},"end":{"line":165,"column":12}}],"line":163},"23":{"loc":{"start":{"line":166,"column":23},"end":{"line":166,"column":null}},"type":"cond-expr","locations":[{"start":{"line":166,"column":44},"end":{"line":166,"column":48}},{"start":{"line":166,"column":48},"end":{"line":166,"column":null}}],"line":166},"24":{"loc":{"start":{"line":166,"column":48},"end":{"line":166,"column":null}},"type":"cond-expr","locations":[{"start":{"line":166,"column":69},"end":{"line":166,"column":74}},{"start":{"line":166,"column":74},"end":{"line":166,"column":null}}],"line":166},"25":{"loc":{"start":{"line":170,"column":4},"end":{"line":170,"column":null}},"type":"if","locations":[{"start":{"line":170,"column":4},"end":{"line":170,"column":null}},{"start":{},"end":{}}],"line":170},"26":{"loc":{"start":{"line":170,"column":8},"end":{"line":170,"column":44}},"type":"binary-expr","locations":[{"start":{"line":170,"column":8},"end":{"line":170,"column":24}},{"start":{"line":170,"column":28},"end":{"line":170,"column":44}}],"line":170},"27":{"loc":{"start":{"line":171,"column":4},"end":{"line":171,"column":null}},"type":"if","locations":[{"start":{"line":171,"column":4},"end":{"line":171,"column":null}},{"start":{},"end":{}}],"line":171},"28":{"loc":{"start":{"line":190,"column":4},"end":{"line":190,"column":null}},"type":"if","locations":[{"start":{"line":190,"column":4},"end":{"line":190,"column":null}},{"start":{},"end":{}}],"line":190},"29":{"loc":{"start":{"line":191,"column":4},"end":{"line":191,"column":null}},"type":"if","locations":[{"start":{"line":191,"column":4},"end":{"line":191,"column":null}},{"start":{},"end":{}}],"line":191}},"s":{"0":2,"1":2,"2":2,"3":2,"4":21,"5":3,"6":3,"7":3,"8":3,"9":3,"10":3,"11":3,"12":3,"13":3,"14":3,"15":3,"16":3,"17":3,"18":3,"19":3,"20":3,"21":3,"22":3,"23":3,"24":3,"25":12,"26":3,"27":3,"28":3,"29":3,"30":3,"31":9,"32":3,"33":3,"34":3,"35":3,"36":3,"37":2,"38":3,"39":1,"40":3,"41":3,"42":3,"43":2,"44":1,"45":0,"46":1,"47":3,"48":3,"49":3,"50":3},"f":{"0":21,"1":3,"2":3,"3":12,"4":9,"5":3,"6":3},"b":{"0":[21],"1":[21],"2":[3,0],"3":[3,0],"4":[1,2],"5":[1,2],"6":[1,2],"7":[1,2],"8":[1,2],"9":[1,2],"10":[2,1],"11":[0,1],"12":[3,0],"13":[3,0],"14":[3,1],"15":[3,0],"16":[12,4],"17":[0,3],"18":[0,3],"19":[1,2],"20":[1,2],"21":[3,2],"22":[1,2],"23":[2,1],"24":[0,1],"25":[2,1],"26":[3,2],"27":[1,2],"28":[2,1],"29":[0,1]},"meta":{"lastBranch":30,"lastFunction":7,"lastStatement":51,"seen":{"s:39:27:46:Infinity":0,"s:48:26:55:Infinity":1,"s:57:48:62:Infinity":2,"s:64:46:69:Infinity":3,"f:73:9:73:15":0,"b:73:32:73:33":0,"b:73:41:73:44":1,"s:74:4:74:Infinity":4,"f:83:16:83:41":1,"s:84:21:84:Infinity":5,"b:84:21:84:34:84:38:84:Infinity":2,"s:85:20:85:Infinity":6,"b:85:20:85:32:85:36:85:Infinity":3,"s:87:18:87:Infinity":7,"b:87:49:87:69:87:72:87:Infinity":4,"s:88:21:90:Infinity":8,"b:89:10:89:33:90:10:90:Infinity":5,"s:92:8:94:Infinity":9,"b:93:14:93:39:94:14:94:Infinity":6,"s:96:8:96:Infinity":10,"b:96:52:96:73:96:76:96:Infinity":7,"s:98:8:98:Infinity":11,"b:98:47:98:63:98:66:98:Infinity":8,"s:100:8:100:Infinity":12,"b:100:45:100:59:100:62:100:Infinity":9,"s:102:23:102:Infinity":13,"b:102:36:102:41:102:41:102:Infinity":10,"b:102:54:102:59:102:59:102:Infinity":11,"s:103:26:103:Infinity":14,"s:104:22:104:Infinity":15,"s:105:22:105:Infinity":16,"s:106:26:106:Infinity":17,"b:106:26:106:51:106:55:106:Infinity":12,"s:107:24:107:Infinity":18,"b:107:24:107:45:107:49:107:Infinity":13,"s:110:8:115:47":19,"s:117:4:117:Infinity":20,"f:126:16:126:40":2,"s:127:23:127:Infinity":21,"b:127:23:127:38:127:42:127:Infinity":14,"s:128:20:128:Infinity":22,"b:128:20:128:32:128:36:128:Infinity":15,"s:131:23:136:Infinity":23,"s:137:24:139:12":24,"f:138:8:138:9":3,"s:138:15:138:Infinity":25,"b:138:15:138:28:138:28:138:Infinity":16,"s:140:24:140:Infinity":26,"s:144:8:150:Infinity":27,"b:145:14:145:Infinity:146:14:150:Infinity":17,"b:147:18:147:Infinity:148:18:150:Infinity":18,"b:149:22:149:Infinity:150:22:150:Infinity":19,"s:153:24:153:Infinity":28,"b:153:45:153:51:153:51:153:Infinity":20,"s:156:15:156:Infinity":29,"b:156:15:156:36:156:68:156:Infinity":21,"s:157:19:159:12":30,"f:158:8:158:9":4,"s:158:15:158:Infinity":31,"s:160:20:160:Infinity":32,"s:163:18:165:12":33,"b:164:10:164:35:165:10:165:12":22,"s:166:23:166:Infinity":34,"b:166:44:166:48:166:48:166:Infinity":23,"b:166:69:166:74:166:74:166:Infinity":24,"s:169:23:169:Infinity":35,"b:170:4:170:Infinity:undefined:undefined:undefined:undefined":25,"s:170:4:170:Infinity":36,"b:170:8:170:24:170:28:170:44":26,"s:170:46:170:Infinity":37,"b:171:4:171:Infinity:undefined:undefined:undefined:undefined":27,"s:171:4:171:Infinity":38,"s:171:29:171:Infinity":39,"s:174:8:179:52":40,"s:181:4:181:Infinity":41,"f:189:16:189:27":5,"b:190:4:190:Infinity:undefined:undefined:undefined:undefined":28,"s:190:4:190:Infinity":42,"s:190:31:190:Infinity":43,"b:191:4:191:Infinity:undefined:undefined:undefined:undefined":29,"s:191:4:191:Infinity":44,"s:191:31:191:Infinity":45,"s:192:4:192:Infinity":46,"f:200:16:200:31":6,"s:201:29:201:Infinity":47,"s:202:28:202:Infinity":48,"s:203:28:203:Infinity":49,"s:204:4:204:Infinity":50}}}
,"/Users/kingjoshua/Desktop/Cleland.Studios/projects/blueprint_config/supabase/functions/generate-and-send-blueprint/index.ts": {"path":"/Users/kingjoshua/Desktop/Cleland.Studios/projects/blueprint_config/supabase/functions/generate-and-send-blueprint/index.ts","statementMap":{"0":{"start":{"line":8,"column":21},"end":{"line":8,"column":null}},"1":{"start":{"line":9,"column":34},"end":{"line":9,"column":null}},"2":{"start":{"line":10,"column":25},"end":{"line":10,"column":null}},"3":{"start":{"line":11,"column":23},"end":{"line":11,"column":null}},"4":{"start":{"line":12,"column":21},"end":{"line":12,"column":null}},"5":{"start":{"line":14,"column":19},"end":{"line":14,"column":null}},"6":{"start":{"line":15,"column":19},"end":{"line":15,"column":null}},"7":{"start":{"line":16,"column":20},"end":{"line":16,"column":null}},"8":{"start":{"line":19,"column":21},"end":{"line":19,"column":null}},"9":{"start":{"line":49,"column":38},"end":{"line":55,"column":null}},"10":{"start":{"line":56,"column":2},"end":{"line":56,"column":null}},"11":{"start":{"line":56,"column":41},"end":{"line":56,"column":47}},"12":{"start":{"line":60,"column":18},"end":{"line":60,"column":null}},"13":{"start":{"line":61,"column":15},"end":{"line":61,"column":null}},"14":{"start":{"line":62,"column":21},"end":{"line":62,"column":null}},"15":{"start":{"line":63,"column":20},"end":{"line":63,"column":null}},"16":{"start":{"line":64,"column":2},"end":{"line":64,"column":null}},"17":{"start":{"line":64,"column":30},"end":{"line":64,"column":63}},"18":{"start":{"line":68,"column":2},"end":{"line":68,"column":null}},"19":{"start":{"line":72,"column":2},"end":{"line":72,"column":null}},"20":{"start":{"line":82,"column":2},"end":{"line":82,"column":null}},"21":{"start":{"line":85,"column":2},"end":{"line":89,"column":null}},"22":{"start":{"line":92,"column":23},"end":{"line":92,"column":null}},"23":{"start":{"line":93,"column":24},"end":{"line":93,"column":null}},"24":{"start":{"line":94,"column":24},"end":{"line":94,"column":null}},"25":{"start":{"line":96,"column":14},"end":{"line":96,"column":null}},"26":{"start":{"line":97,"column":27
[...]
ult-arg","locations":[{"start":{"line":34,"column":57},"end":{"line":34,"column":60}}],"line":34},"4":{"loc":{"start":{"line":63,"column":24},"end":{"line":63,"column":null}},"type":"binary-expr","locations":[{"start":{"line":63,"column":24},"end":{"line":63,"column":85}},{"start":{"line":63,"column":85},"end":{"line":63,"column":null}}],"line":63},"5":{"loc":{"start":{"line":64,"column":24},"end":{"line":64,"column":null}},"type":"binary-expr","locations":[{"start":{"line":64,"column":24},"end":{"line":64,"column":72}},{"start":{"line":64,"column":72},"end":{"line":64,"column":null}}],"line":64},"6":{"loc":{"start":{"line":65,"column":22},"end":{"line":65,"column":null}},"type":"binary-expr","locations":[{"start":{"line":65,"column":22},"end":{"line":65,"column":34}},{"start":{"line":65,"column":34},"end":{"line":65,"column":null}}],"line":65},"7":{"loc":{"start":{"line":77,"column":4},"end":{"line":77,"column":18}},"type":"default-arg","locations":[{"start":{"line":77,"column":17},"end":{"line":77,"column":18}}],"line":77},"8":{"loc":{"start":{"line":83,"column":8},"end":{"line":83,"column":null}},"type":"if","locations":[{"start":{"line":83,"column":8},"end":{"line":83,"column":null}},{"start":{},"end":{}}],"line":83},"9":{"loc":{"start":{"line":86,"column":8},"end":{"line":91,"column":null}},"type":"if","locations":[{"start":{"line":86,"column":8},"end":{"line":91,"column":null}},{"start":{"line":89,"column":15},"end":{"line":91,"column":null}}],"line":86},"10":{"loc":{"start":{"line":109,"column":4},"end":{"line":286,"column":null}},"type":"if","locations":[{"start":{"line":109,"column":4},"end":{"line":286,"column":null}},{"start":{},"end":{}}],"line":109},"11":{"loc":{"start":{"line":109,"column":8},"end":{"line":109,"column":46}},"type":"binary-expr","locations":[{"start":{"line":109,"column":8},"end":{"line":109,"column":26}},{"start":{"line":109,"column":26},"end":{"line":109,"column":46}}],"line":109},"12":{"loc":{"start":{"line":111,"column":41},"end":{"line":111,"column":null}},"type":"binary-expr","locations":[{"start":{"line":111,"column":41},"end":{"line":111,"column":62}},{"start":{"line":111,"column":77},"end":{"line":111,"column":null}}],"line":111},"13":{"loc":{"start":{"line":112,"column":44},"end":{"line":112,"column":null}},"type":"binary-expr","locations":[{"start":{"line":112,"column":44},"end":{"line":112,"column":68}},{"start":{"line":112,"column":83},"end":{"line":112,"column":null}}],"line":112},"14":{"loc":{"start":{"line":113,"column":30},"end":{"line":117,"column":null}},"type":"cond-expr","locations":[{"start":{"line":114,"column":18},"end":{"line":114,"column":null}},{"start":{"line":115,"column":18},"end":{"line":117,"column":null}}],"line":113},"15":{"loc":{"start":{"line":115,"column":18},"end":{"line":117,"column":null}},"type":"cond-expr","locations":[{"start":{"line":116,"column":22},"end":{"line":116,"column":null}},{"start":{"line":117,"column":22},"end":{"line":117,"column":null}}],"line":115},"16":{"loc":{"start":{"line":120,"column":31},"end":{"line":120,"column":null}},"type":"binary-expr","locations":[{"start":{"line":120,"column":31},"end":{"line":120,"column":50}},{"start":{"line":120,"column":54},"end":{"line":120,"column":null}}],"line":120},"17":{"loc":{"start":{"line":121,"column":46},"end":{"line":121,"column":null}},"type":"binary-expr","locations":[{"start":{"line":121,"column":46},"end":{"line":121,"column":71}},{"start":{"line":121,"column":86},"end":{"line":121,"column":null}}],"line":121},"18":{"loc":{"start":{"line":122,"column":36},"end":{"line":122,"column":81}},"type":"binary-expr","locations":[{"start":{"line":122,"column":36},"end":{"line":122,"column":62}},{"start":{"line":122,"column":79},"end":{"line":122,"column":81}}],"line":122},"19":{"loc":{"start":{"line":123,"column":38},"end":{"line":123,"column":85}},"type":"binary-expr","locations":[{"start":{"line":123,"column":38},"end":{"line":123,"column":66}},{"start":{"line":123,"column":83},"end":{"line":123,"column":85}}],"line":123},"20":{"loc":{"start":{"line":126,"column":30},"end":{"line":128,"column":null}},"type":"cond-expr","locations":[{"start":{"line":127,"column":18},"end":{"line":127,"column":null}},{"start":{"line":128,"column":18},"end":{"line":128,"column":null}}],"line":126},"21":{"loc":{"start":{"line":129,"column":36},"end":{"line":131,"column":null}},"type":"cond-expr","locations":[{"start":{"line":130,"column":18},"end":{"line":130,"column":null}},{"start":{"line":131,"column":18},"end":{"line":131,"column":null}}],"line":129},"22":{"loc":{"start":{"line":168,"column":16},"end":{"line":171,"column":null}},"type":"cond-expr","locations":[{"start":{"line":168,"column":34},"end":{"line":171,"column":20}},{"start":{"line":171,"column":23},"end":{"line":171,"column":null}}],"line":168},"23":{"loc":{"start":{"line":172,"column":16},"end":{"line":175,"column":null}},"type":"cond-expr","locations":[{"start":{"line":172,"column":28},"end":{"line":175,"column":20}},{"start":{"line":175,"column":23},"end":{"line":175,"column":null}}],"line":172},"24":{"loc":{"start":{"line":180,"column":12},"end":{"line":184,"column":null}},"type":"cond-expr","locations":[{"start":{"line":180,"column":21},"end":{"line":184,"column":17}},{"start":{"line":184,"column":20},"end":{"line":184,"column":null}}],"line":180},"25":{"loc":{"start":{"line":267,"column":24},"end":{"line":267,"column":null}},"type":"cond-expr","locations":[{"start":{"line":267,"column":38},"end":{"line":267,"column":47}},{"start":{"line":267,"column":47},"end":{"line":267,"column":null}}],"line":267},"26":{"loc":{"start":{"line":269,"column":27},"end":{"line":269,"column":null}},"type":"binary-expr","locations":[{"start":{"line":269,"column":27},"end":{"line":269,"column":46}},{"start":{"line":269,"column":46},"end":{"line":269,"column":null}}],"line":269},"27":{"loc":{"start":{"line":270,"column":23},"end":{"line":270,"column":null}},"type":"cond-expr","locations":[{"start":{"line":270,"column":37},"end":{"line":270,"column":44}},{"start":{"line":270,"column":44},"end":{"line":270,"column":null}}],"line":270},"28":{"loc":{"start":{"line":271,"column":25},"end":{"line":271,"column":null}},"type":"cond-expr","locations":[{"start":{"line":271,"column":39},"end":{"line":271,"column":66}},{"start":{"line":271,"column":66},"end":{"line":271,"column":null}}],"line":271},"29":{"loc":{"start":{"line":276,"column":16},"end":{"line":276,"column":null}},"type":"cond-expr","locations":[{"start":{"line":276,"column":30},"end":{"line":276,"column":45}},{"start":{"line":276,"column":45},"end":{"line":276,"column":null}}],"line":276},"30":{"loc":{"start":{"line":289,"column":4},"end":{"line":346,"column":null}},"type":"if","locations":[{"start":{"line":289,"column":4},"end":{"line":346,"column":null}},{"start":{},"end":{}}],"line":289},"31":{"loc":{"start":{"line":289,"column":8},"end":{"line":289,"column":40}},"type":"binary-expr","locations":[{"start":{"line":289,"column":8},"end":{"line":289,"column":23}},{"start":{"line":289,"column":23},"end":{"line":289,"column":40}}],"line":289},"32":{"loc":{"start":{"line":296,"column":32},"end":{"line":296,"column":null}},"type":"binary-expr","locations":[{"start":{"line":296,"column":32},"end":{"line":296,"column":52}},{"start":{"line":296,"column":56},"end":{"line":296,"column":null}}],"line":296},"33":{"loc":{"start":{"line":297,"column":31},"end":{"line":297,"column":null}},"type":"binary-expr","locations":[{"start":{"line":297,"column":31},"end":{"line":297,"column":50}},{"start":{"line":297,"column":54},"end":{"line":297,"column":null}}],"line":297},"34":{"loc":{"start":{"line":298,"column":28},"end":{"line":298,"column":53}},"type":"binary-expr","locations":[{"start":{"line":298,"column":28},"end":{"line":298,"column":48}},{"start":{"line":298,"column":52},"end":{"line":298,"column":53}}],"line":298},"35":{"loc":{"start":{"line":299,"column":29},"end":{"line":299,"column":null}},"type":"binary-expr","locations":[{"start":{"line":299,"column":29},"end":{"line":299,"column":52}},{"start":{"line":299,"column":56},"end":{"line":299,"column":null}}],"line":299},"36":{"loc":{"start":{"line":303,"column":20},"end":{"line":303,"column":null}},"type":"cond-expr","locations":[{"start":{"line":303,"column":29},"end":{"line":303,"column":51}},{"start":{"line":303,"column":51},"end":{"line":303,"column":null}}],"line":303},"37":{"loc":{"start":{"line":332,"column":16},"end":{"line":332,"column":null}},"type":"cond-expr","locations":[{"start":{"line":332,"column":32},"end":{"line":332,"column":57}},{"start":{"line":332,"column":57},"end":{"line":332,"column":null}}],"line":332},"38":{"loc":{"start":{"line":337,"column":24},"end":{"line":337,"column":62}},"type":"cond-expr","locations":[{"start":{"line":337,"column":38},"end":{"line":337,"column":60}},{"start":{"line":337,"column":60},"end":{"line":337,"column":62}}],"line":337},"39":{"loc":{"start":{"line":338,"column":24},"end":{"line":338,"column":null}},"type":"cond-expr","locations":[{"start":{"line":338,"column":40},"end":{"line":338,"column":45}},{"start":{"line":338,"column":45},"end":{"line":338,"column":null}}],"line":338},"40":{"loc":{"start":{"line":354,"column":4},"end":{"line":356,"column":null}},"type":"if","locations":[{"start":{"line":354,"column":4},"end":{"line":356,"column":null}},{"start":{},"end":{}}],"line":354},"41":{"loc":{"start":{"line":360,"column":8},"end":{"line":360,"column":null}},"type":"if","locations":[{"start":{"line":360,"column":8},"end":{"line":360,"column":null}},{"start":{},"end":{}}],"line":360},"42":{"loc":{"start":{"line":371,"column":8},"end":{"line":373,"column":null}},"type":"if","locations":[{"start":{"line":371,"column":8},"end":{"line":373,"column":null}},{"start":{},"end":{}}],"line":371},"43":{"loc":{"start":{"line":371,"column":12},"end":{"line":371,"column":38}},"type":"binary-expr","locations":[{"start":{"line":371,"column":12},"end":{"line":371,"column":26}},{"start":{"line":371,"column":26},"end":{"line":371,"column":38}}],"line":371},"44":{"loc":{"start":{"line":374,"column":8},"end":{"line":376,"column":null}},"type":"if","locations":[{"start":{"line":374,"column":8},"end":{"line":376,"column":null}},{"start":{},"end":{}}],"line":374},"45":{"loc":{"start":{"line":379,"column":8},"end":{"line":381,"column":null}},"type":"if","locations":[{"start":{"line":379,"column":8},"end":{"line":381,"column":null}},{"start":{},"end":{}}],"line":379},"46":{"loc":{"start":{"line":382,"column":8},"end":{"line":384,"column":null}},"type":"if","locations":[{"start":{"line":382,"column":8},"end":{"line":384,"column":null}},{"start":{},"end":{}}],"line":382},"47":{"loc":{"start":{"line":393,"column":23},"end":{"line":393,"column":null}},"type":"binary-expr","locations":[{"start":{"line":393,"column":23},"end":{"line":393,"column":42}},{"start":{"line":393,"column":46},"end":{"line":393,"column":null}}],"line":393},"48":{"loc":{"start":{"line":394,"column":20},"end":{"line":394,"column":null}},"type":"binary-expr","locations":[{"start":{"line":394,"column":20},"end":{"line":394,"column":36}},{"start":{"line":394,"column":40},"end":{"line":394,"column":null}}],"line":394},"49":{"loc":{"start":{"line":395,"column":21},"end":{"line":395,"column":null}},"type":"binary-expr","locations":[{"start":{"line":395,"column":21},"end":{"line":395,"column":38}},{"start":{"line":395,"column":42},"end":{"line":395,"column":null}}],"line":395},"50":{"loc":{"start":{"line":396,"column":30},"end":{"line":396,"column":null}},"type":"binary-expr","locations":[{"start":{"line":396,"column":30},"end":{"line":396,"column":46}},{"start":{"line":396,"column":46},"end":{"line":396,"column":null}}],"line":396},"51":{"loc":{"start":{"line":412,"column":25},"end":{"line":412,"column":null}},"type":"binary-expr","locations":[{"start":{"line":412,"column":25},"end":{"line":412,"column":36}},{"start":{"line":412,"column":36},"end":{"line":412,"column":null}}],"line":412},"52":{"loc":{"start":{"line":419,"column":8},"end":{"line":421,"column":null}},"type":"if","locations":[{"start":{"line":419,"column":8},"end":{"line":421,"column":null}},{"start":{},"end":{}}],"line":419},"53":{"loc":{"start":{"line":426,"column":21},"end":{"line":426,"column":null}},"type":"binary-expr","locations":[{"start":{"line":426,"column":21},"end":{"line":426,"column":32}},{"start":{"line":426,"column":32},"end":{"line":426,"column":null}}],"line":426},"54":{"loc":{"start":{"line":431,"column":66},"end":{"line":431,"column":83}},"type":"binary-expr","locations":[{"start":{"line":431,"column":66},"end":{"line":431,"column":77}},{"start":{"line":431,"column":77},"end":{"line":431,"column":83}}],"line":431},"55":{"loc":{"start":{"line":436,"column":12},"end":{"line":443,"column":null}},"type":"if","locations":[{"start":{"line":436,"column":12},"end":{"line":443,"column":null}},{"start":{"line":439,"column":19},"end":{"line":443,"column":null}}],"line":436},"56":{"loc":{"start":{"line":436,"column":16},"end":{"line":436,"column":75}},"type":"binary-expr","locations":[{"start":{"line":436,"column":16},"end":{"line":436,"column":54}},{"start":{"line":436,"column":54},"end":{"line":436,"column":75}}],"line":436},"57":{"loc":{"start":{"line":462,"column":37},"end":{"line":462,"column":90}},"type":"cond-expr","locations":[{"start":{"line":462,"column":60},"end":{"line":462,"column":71}},{"start":{"line":462,"column":74},"end":{"line":462,"column":90}}],"line":462}},"s":{"0":1,"1":1,"2":1,"3":1,"4":1,"5":1,"6":1,"7":0,"8":6,"9":6,"10":0,"11":4,"12":4,"13":2,"14":2,"15":5,"16":5,"17":1,"18":4,"19":3,"20":3,"21":3,"22":1,"23":3,"24":2,"25":2,"26":2,"27":2,"28":2,"29":2,"30":2,"31":2,"32":2,"33":2,"34":2,"35":0,"36":2,"37":0,"38":2,"39":2,"40":2,"41":2,"42":2,"43":2,"44":0,"45":2,"46":2,"47":2,"48":2,"49":2,"50":2,"51":2,"52":2,"53":2,"54":2,"55":2,"56":0,"57":1,"58":0,"59":0,"60":0,"61":0,"62":0,"63":0,"64":0,"65":0,"66":0,"67":0,"68":0,"69":0,"70":0,"71":0,"72":0,"73":0,"74":0,"75":0,"76":0,"77":0,"78":0,"79":0,"80":0,"81":0,"82":0,"83":0,"84":0,"85":0,"86":0,"87":0,"88":0,"89":0,"90":0,"91":0,"92":0},"f":{"0":0,"1":6,"2":0,"3":4,"4":2,"5":3,"6":2,"7":0,"8":0,"9":0,"10":0,"11":0},"b":{"0":[1,0],"1":[1,0],"2":[1,0],"3":[0],"4":[4,4],"5":[4,4],"6":[4,0],"7":[2],"8":[1,4],"9":[3,1],"10":[2,0],"11":[2,2],"12":[2,1],"13":[2,1],"14":[1,1],"15":[1,0],"16":[2,1],"17":[2,1],"18":[2,2],"19":[2,2],"20":[1,1],"21":[0,2],"22":[0,2],"23":[1,1],"24":[1,1],"25":[1,1],"26":[2,1],"27":[1,1],"28":[1,1],"29":[1,1],"30":[2,0],"31":[2,2],"32":[2,1],"33":[2,2],"34":[2,0],"35":[2,1],"36":[1,1],"37":[1,1],"38":[0,2],"39":[1,1],"40":[0,0],"41":[0,0],"42":[0,0],"43":[0,0],"44":[0,0],"45":[0,0],"46":[0,0],"47":[0,0],"48":[0,0],"49":[0,0],"50":[0,0],"51":[0,0],"52":[0,0],"53":[0,0],"54":[0,0],"55":[0,0],"56":[0,0],"57":[0,0]},"meta":{"lastBranch":58,"lastFunction":12,"lastStatement":93,"seen":{"s:21:21:21:Infinity":0,"s:22:34:22:Infinity":1,"s:23:23:23:Infinity":2,"b:23:23:23:57:23:57:23:Infinity":0,"s:24:20:24:Infinity":3,"b:24:20:24:61:24:61:24:Infinity":1,"s:25:24:25:Infinity":4,"b:25:24:25:59:25:59:25:Infinity":2,"s:26:19:26:Infinity":5,"s:32:43:32:Infinity":6,"f:34:9:34:17":0,"b:34:57:34:60":3,"s:35:4:38:Infinity":7,"f:43:9:43:20":1,"s:44:40:46:Infinity":8,"s:47:4:47:Infinity":9,"f:47:36:47:37":2,"s:47:43:47:49":10,"f:52:22:52:Infinity":3,"s:59:4:69:Infinity":11,"s:60:8:66:Infinity":12,"b:63:24:63:85:63:85:63:Infinity":4,"b:64:24:64:72:64:72:64:Infinity":5,"b:65:22:65:34:65:34:65:Infinity":6,"f:74:15:74:Infinity":4,"b:77:17:77:18":7,"s:79:4:92:Infinity":13,"s:79:23:79:26":14,"s:80:20:80:Infinity":15,"b:83:8:83:Infinity:undefined:undefined:undefined:undefined":8,"s:83:8:83:Infinity":16,"s:83:30:83:Infinity":17,"b:86:8:91:Infinity:89:15:91:Infinity":9,"s:86:8:91:Infinity":18,"s:87:26:87:55":19,"s:88:12:88:Infinity":20,"f:88:30:88:31":5,"s:88:37:88:Infinity":21,"s:90:12:90:24":22,"s:94:4:94:Infinity":23,"f:99:22:99:Infinity":6,"s:106:24:106:36":24,"b:109:4:286:Infinity:undefined:undefined:undefined:undefined":10,"s:109:4:286:Infinity":25,"b:109:8:109:26:109:26:109:46":11,"s:110:8:285:Infinity":26,"s:111:30:111:Infinity":27,"b:111:41:111:62:111:77:111:Infinity":12,"s:112:33:112:Infinity":28,"b:112:44:112:68:112:83:112:Infinity":13,"s:113:30:117:Infinity":29,"b:114:18:114:Infinity:115:18:117:Infinity":14,"b:116:22:116:Infinity:117:22:117:Infinity":15,"s:120:31:120:Infinity":30,"b:120:31:120:50:120:54:120:Infinity":16,"s:121:35:121:Infinity":31,"b:121:46:121:71:121:86:121:Infinity":17,"s:122:36:122:81":32,"b:122:36:122:62:122:79:122:81":18,"s:123:38:123:85":33,"b:123:38:123:66:123:83:123:85":19,"s:126:30:128:Infinity":34,"b:127:18:127:Infinity:128:18:128:Infinity":20,"f:127:60:127:65":7,"s:127:65:127:80":35,"s:129:36:131:Infinity":36,"b:130:18:130:Infinity:131:18:131:Infinity":21,"f:130:38:130:43":8,"s:130:43:130:58":37,"s:133:30:242:7":38,"b:168:34:171:20:171:23:171:Infinity":22,"b:172:28:175:20:175:23:175:Infinity":23,"b:180:21:184:17:184:20:184:Infinity":24,"s:244:58:250:Infinity":39,"s:252:29:259:Infinity":40,"s:261:32:261:Infinity":41,"s:264:12:272:Infinity":42,"b:267:38:267:47:267:47:267:Infinity":25,"b:269:27:269:46:269:46:269:Infinity":26,"b:270:37:270:44:270:44:270:Infinity":27,"b:271:39:271:66:271:66:271:Infinity":28,"s:274:12:279:Infinity":43,"b:276:30:276:45:276:45:276:Infinity":29,"s:282:12:284:Infinity":44,"b:289:4:346:Infinity:undefined:undefined:undefined:undefined":30,"s:289:4:346:Infinity":45,"b:289:8:289:23:289:23:289:40":31,"s:290:8:345:Infinity":46,"s:291:35:304:Infinity":47,"b:296:32:296:52:296:56:296:Infinity":32,"b:297:31:297:50:297:54:297:Infinity":33,"b:298:28:298:48:298:52:298:53":34,"b:299:29:299:52:299:56:299:Infinity":35,"b:303:29:303:51:303:51:303:Infinity":36,"s:306:25:306:Infinity":48,"s:307:45:307:Infinity":49,"s:309:31:319:Infinity":50,"s:323:56:323:Infinity":51,"s:324:12:326:Infinity":52,"s:325:16:325:Infinity":53,"s:328:32:328:Infinity":54,"s:330:12:339:Infinity":55,"b:332:32:332:57:332:57:332:Infinity":37,"b:337:38:337:60:337:60:337:62":38,"b:338:40:338:45:338:45:338:Infinity":39,"s:342:12:344:Infinity":56,"s:351:0:466:Infinity":57,"f:351:11:351:18":9,"s:352:4:352:Infinity":58,"b:354:4:356:Infinity:undefined:undefined:undefined:undefined":40,"s:354:4:356:Infinity":59,"s:355:8:355:Infinity":60,"s:358:4:465:Infinity":61,"s:359:42:359:Infinity":62,"b:360:8:360:Infinity:undefined:undefined:undefined:undefined":41,"s:360:8:360:Infinity":63,"s:360:27:360:Infinity":64,"s:362:14:362:Infinity":65,"s:365:55:369:Infinity":66,"b:371:8:373:Infinity:undefined:undefined:undefined:undefined":42,"s:371:8:373:Infinity":67,"b:371:12:371:26:371:26:371:38":43,"s:372:12:372:Infinity":68,"b:374:8:376:Infinity:undefined:undefined:undefined:undefined":44,"s:374:8:376:Infinity":69,"s:375:12:375:Infinity":70,"b:379:8:381:Infinity:undefined:undefined:undefined:undefined":45,"s:379:8:381:Infinity":71,"s:380:12:380:Infinity":72,"b:382:8:384:Infinity:undefined:undefined:undefined:undefined":46,"s:382:8:384:Infinity":73,"s:383:12:383:Infinity":74,"s:387:31:390:Infinity":75,"s:392:29:402:Infinity":76,"b:393:23:393:42:393:46:393:Infinity":47,"b:394:20:394:36:394:40:394:Infinity":48,"b:395:21:395:38:395:42:395:Infinity":49,"b:396:30:396:46:396:46:396:Infinity":50,"s:404:14:404:Infinity":77,"s:407:39:417:Infinity":78,"b:412:25:412:36:412:36:412:Infinity":51,"b:419:8:421:Infinity:undefined:undefined:undefined:undefined":52,"s:419:8:421:Infinity":79,"s:420:12:420:Infinity":80,"s:424:8:427:Infinity":81,"b:426:21:426:32:426:32:426:Infinity":53,"s:431:30:431:Infinity":82,"b:431:66:431:77:431:77:431:83":54,"s:434:8:448:Infinity":83,"b:436:12:443:Infinity:439:19:443:Infinity":55,"s:436:12:443:Infinity":84,"b:436:16:436:54:436:54:436:75":56,"s:438:16:438:Infinity":85,"s:440:16:441:Infinity":86,"f:440:36:440:37":10,"s:441:20:441:Infinity":87,"s:445:12:446:Infinity":88,"f:445:32:445:33":11,"s:446:16:446:Infinity":89,"s:451:8:458:Infinity":90,"s:460:8:460:Infinity":91,"s:461:8:463:Infinity":92,"b:462:60:462:71:462:74:462:90":57}}}
}
